{"/home/kraken33/develop/exmpl-project-frontend/src/components/index.ts": {"path":"/home/kraken33/develop/exmpl-project-frontend/src/components/index.ts","statementMap":{},"fnMap":{},"branchMap":{},"s":{},"f":{},"b":{},"_coverageSchema":"43e27e138ebf9cfc5966b082cf9a028302ed4184","hash":"f9f066dec79c8fbd6b87214464bccdd2b98aadb1"}
,"/home/kraken33/develop/exmpl-project-frontend/src/components/button/container.ts": {"path":"/home/kraken33/develop/exmpl-project-frontend/src/components/button/container.ts","statementMap":{"0":{"start":{"line":8,"column":24},"end":{"line":15,"column":1}},"1":{"start":{"line":12,"column":2},"end":{"line":14,"column":4}},"2":{"start":{"line":17,"column":16},"end":{"line":17,"column":46}},"3":{"start":{"line":19,"column":18},"end":{"line":19,"column":36}}},"fnMap":{"0":{"name":"(anonymous_0)","decl":{"start":{"line":8,"column":24},"end":{"line":8,"column":25}},"loc":{"start":{"line":11,"column":10},"end":{"line":15,"column":1}},"line":11}},"branchMap":{},"s":{"0":3,"1":0,"2":3,"3":3},"f":{"0":0},"b":{},"_coverageSchema":"43e27e138ebf9cfc5966b082cf9a028302ed4184","hash":"64143d28c6633e6cbe5b9b74bfd4fb66cd7b640a"}
,"/home/kraken33/develop/exmpl-project-frontend/src/components/button/index.ts": {"path":"/home/kraken33/develop/exmpl-project-frontend/src/components/button/index.ts","statementMap":{},"fnMap":{},"branchMap":{},"s":{},"f":{},"b":{},"_coverageSchema":"43e27e138ebf9cfc5966b082cf9a028302ed4184","hash":"cf40a7f28f9f2e6b908b76c4f21551fdf2a93094"}
,"/home/kraken33/develop/exmpl-project-frontend/src/components/button/types.ts": {"path":"/home/kraken33/develop/exmpl-project-frontend/src/components/button/types.ts","statementMap":{},"fnMap":{},"branchMap":{},"s":{},"f":{},"b":{},"hash":"78aa3655c219acf2e1f236f657519ac2e55465bd"}
,"/home/kraken33/develop/exmpl-project-frontend/src/pages/api/types.ts": {"path":"/home/kraken33/develop/exmpl-project-frontend/src/pages/api/types.ts","statementMap":{},"fnMap":{},"branchMap":{},"s":{},"f":{},"b":{},"_coverageSchema":"43e27e138ebf9cfc5966b082cf9a028302ed4184","hash":"7a4e5a6013c57cecc32b2dc4c0b5fe53179f15f5"}
,"/home/kraken33/develop/exmpl-project-frontend/src/pages/api/view.tsx": {"path":"/home/kraken33/develop/exmpl-project-frontend/src/pages/api/view.tsx","statementMap":{"0":{"start":{"line":19,"column":21},"end":{"line":19,"column":31}},"1":{"start":{"line":20,"column":20},"end":{"line":20,"column":24}},"2":{"start":{"line":22,"column":40},"end":{"line":162,"column":1}},"3":{"start":{"line":23,"column":51},"end":{"line":28,"column":3}},"4":{"start":{"line":30,"column":28},"end":{"line":36,"column":4}},"5":{"start":{"line":43,"column":6},"end":{"line":43,"column":10}},"6":{"start":{"line":45,"column":45},"end":{"line":54,"column":3}},"7":{"start":{"line":55,"column":22},"end":{"line":55,"column":37}},"8":{"start":{"line":57,"column":23},"end":{"line":65,"column":4}},"9":{"start":{"line":57,"column":79},"end":{"line":65,"column":3}},"10":{"start":{"line":60,"column":6},"end":{"line":63,"column":9}},"11":{"start":{"line":67,"column":28},"end":{"line":77,"column":4}},"12":{"start":{"line":69,"column":62},"end":{"line":77,"column":3}},"13":{"start":{"line":75,"column":6},"end":{"line":75,"column":44}},"14":{"start":{"line":79,"column":22},"end":{"line":97,"column":3}},"15":{"start":{"line":80,"column":4},"end":{"line":96,"column":5}},"16":{"start":{"line":81,"column":34},"end":{"line":81,"column":39}},"17":{"start":{"line":82,"column":19},"end":{"line":82,"column":59}},"18":{"start":{"line":85,"column":23},"end":{"line":91,"column":8}},"19":{"start":{"line":93,"column":6},"end":{"line":93,"column":39}},"20":{"start":{"line":95,"column":6},"end":{"line":95,"column":42}},"21":{"start":{"line":99,"column":33},"end":{"line":103,"column":4}},"22":{"start":{"line":100,"column":4},"end":{"line":102,"column":14}},"23":{"start":{"line":105,"column":30},"end":{"line":109,"column":4}},"24":{"start":{"line":106,"column":4},"end":{"line":108,"column":20}},"25":{"start":{"line":111,"column":2},"end":{"line":161,"column":4}},"26":{"start":{"line":135,"column":18},"end":{"line":135,"column":76}}},"fnMap":{"0":{"name":"(anonymous_0)","decl":{"start":{"line":22,"column":40},"end":{"line":22,"column":41}},"loc":{"start":{"line":22,"column":62},"end":{"line":162,"column":1}},"line":22},"1":{"name":"(anonymous_1)","decl":{"start":{"line":57,"column":23},"end":{"line":57,"column":24}},"loc":{"start":{"line":57,"column":79},"end":{"line":65,"column":3}},"line":57},"2":{"name":"(anonymous_2)","decl":{"start":{"line":59,"column":14},"end":{"line":59,"column":15}},"loc":{"start":{"line":59,"column":26},"end":{"line":64,"column":5}},"line":59},"3":{"name":"(anonymous_3)","decl":{"start":{"line":67,"column":28},"end":{"line":67,"column":29}},"loc":{"start":{"line":69,"column":62},"end":{"line":77,"column":3}},"line":69},"4":{"name":"(anonymous_4)","decl":{"start":{"line":74,"column":20},"end":{"line":74,"column":21}},"loc":{"start":{"line":74,"column":56},"end":{"line":76,"column":5}},"line":74},"5":{"name":"(anonymous_5)","decl":{"start":{"line":79,"column":22},"end":{"line":79,"column":23}},"loc":{"start":{"line":79,"column":34},"end":{"line":97,"column":3}},"line":79},"6":{"name":"(anonymous_6)","decl":{"start":{"line":99,"column":37},"end":{"line":99,"column":38}},"loc":{"start":{"line":100,"column":4},"end":{"line":102,"column":14}},"line":100},"7":{"name":"(anonymous_7)","decl":{"start":{"line":105,"column":34},"end":{"line":105,"column":35}},"loc":{"start":{"line":106,"column":4},"end":{"line":108,"column":20}},"line":106},"8":{"name":"(anonymous_8)","decl":{"start":{"line":134,"column":28},"end":{"line":134,"column":29}},"loc":{"start":{"line":135,"column":18},"end":{"line":135,"column":76}},"line":135}},"branchMap":{"0":{"loc":{"start":{"line":82,"column":19},"end":{"line":82,"column":59}},"type":"cond-expr","locations":[{"start":{"line":82,"column":32},"end":{"line":82,"column":54}},{"start":{"line":82,"column":57},"end":{"line":82,"column":59}}],"line":82}},"s":{"0":3,"1":3,"2":3,"3":1,"4":1,"5":1,"6":1,"7":1,"8":1,"9":2,"10":0,"11":1,"12":2,"13":0,"14":1,"15":0,"16":0,"17":0,"18":0,"19":0,"20":0,"21":1,"22":2,"23":1,"24":4,"25":1,"26":1},"f":{"0":1,"1":2,"2":0,"3":2,"4":0,"5":0,"6":2,"7":4,"8":1},"b":{"0":[0,0]},"_coverageSchema":"43e27e138ebf9cfc5966b082cf9a028302ed4184","hash":"4e1125eea4e8a3595316fc097e277b42ec0a3795"}
,"/home/kraken33/develop/exmpl-project-frontend/src/pages/login/view.tsx": {"path":"/home/kraken33/develop/exmpl-project-frontend/src/pages/login/view.tsx","statementMap":{"0":{"start":{"line":15,"column":40},"end":{"line":64,"column":1}},"1":{"start":{"line":20,"column":2},"end":{"line":63,"column":4}}},"fnMap":{"0":{"name":"(anonymous_0)","decl":{"start":{"line":15,"column":40},"end":{"line":15,"column":41}},"loc":{"start":{"line":19,"column":6},"end":{"line":64,"column":1}},"line":19}},"branchMap":{},"s":{"0":3,"1":0},"f":{"0":0},"b":{},"_coverageSchema":"43e27e138ebf9cfc5966b082cf9a028302ed4184","hash":"d5ab90cb35e74673155044c1246861ab04ad7d75"}
,"/home/kraken33/develop/exmpl-project-frontend/src/routes/index.ts": {"path":"/home/kraken33/develop/exmpl-project-frontend/src/routes/index.ts","statementMap":{"0":{"start":{"line":7,"column":16},"end":{"line":9,"column":1}}},"fnMap":{},"branchMap":{},"s":{"0":3},"f":{},"b":{},"_coverageSchema":"43e27e138ebf9cfc5966b082cf9a028302ed4184","hash":"41286c3f8e7b5d96808e344c57b44d4d331d7549"}
,"/home/kraken33/develop/exmpl-project-frontend/src/routes/router.spec__.ts": {"path":"/home/kraken33/develop/exmpl-project-frontend/src/routes/router.spec__.ts","statementMap":{"0":{"start":{"line":4,"column":0},"end":{"line":9,"column":3}},"1":{"start":{"line":5,"column":2},"end":{"line":8,"column":5}},"2":{"start":{"line":6,"column":19},"end":{"line":6,"column":41}},"3":{"start":{"line":7,"column":4},"end":{"line":7,"column":32}}},"fnMap":{"0":{"name":"(anonymous_0)","decl":{"start":{"line":4,"column":35},"end":{"line":4,"column":36}},"loc":{"start":{"line":4,"column":41},"end":{"line":9,"column":1}},"line":4},"1":{"name":"(anonymous_1)","decl":{"start":{"line":5,"column":30},"end":{"line":5,"column":31}},"loc":{"start":{"line":5,"column":36},"end":{"line":8,"column":3}},"line":5}},"branchMap":{},"s":{"0":0,"1":0,"2":0,"3":0},"f":{"0":0,"1":0},"b":{},"hash":"7ab225acedd1edf1692f0f9981ea6c9bdf9d95d5"}
,"/home/kraken33/develop/exmpl-project-frontend/src/services/api/routes.ts": {"path":"/home/kraken33/develop/exmpl-project-frontend/src/services/api/routes.ts","statementMap":{"0":{"start":{"line":3,"column":23},"end":{"line":7,"column":1}},"1":{"start":{"line":4,"column":17},"end":{"line":4,"column":27}},"2":{"start":{"line":5,"column":15},"end":{"line":5,"column":23}},"3":{"start":{"line":6,"column":16},"end":{"line":6,"column":25}}},"fnMap":{"0":{"name":"(anonymous_0)","decl":{"start":{"line":4,"column":11},"end":{"line":4,"column":12}},"loc":{"start":{"line":4,"column":17},"end":{"line":4,"column":27}},"line":4},"1":{"name":"(anonymous_1)","decl":{"start":{"line":5,"column":9},"end":{"line":5,"column":10}},"loc":{"start":{"line":5,"column":15},"end":{"line":5,"column":23}},"line":5},"2":{"name":"(anonymous_2)","decl":{"start":{"line":6,"column":10},"end":{"line":6,"column":11}},"loc":{"start":{"line":6,"column":16},"end":{"line":6,"column":25}},"line":6}},"branchMap":{},"s":{"0":4,"1":1,"2":1,"3":1},"f":{"0":1,"1":1,"2":1},"b":{},"_coverageSchema":"43e27e138ebf9cfc5966b082cf9a028302ed4184","hash":"28264090efa0361d7f630a8d8307a5fe4dc4cdb9"}
,"/home/kraken33/develop/exmpl-project-frontend/src/services/api/types.ts": {"path":"/home/kraken33/develop/exmpl-project-frontend/src/services/api/types.ts","statementMap":{},"fnMap":{},"branchMap":{},"s":{},"f":{},"b":{},"hash":"aa09c01138aab747f5c398b21e14c61a8250acdb"}
,"/home/kraken33/develop/exmpl-project-frontend/src/services/http/index.tsx": {"path":"/home/kraken33/develop/exmpl-project-frontend/src/services/http/index.tsx","statementMap":{"0":{"start":{"line":9,"column":28},"end":{"line":16,"column":2}},"1":{"start":{"line":18,"column":0},"end":{"line":18,"column":50}},"2":{"start":{"line":20,"column":0},"end":{"line":25,"column":2}},"3":{"start":{"line":21,"column":51},"end":{"line":21,"column":64}},"4":{"start":{"line":23,"column":4},"end":{"line":23,"column":16}}},"fnMap":{"0":{"name":"(anonymous_0)","decl":{"start":{"line":21,"column":2},"end":{"line":21,"column":3}},"loc":{"start":{"line":21,"column":51},"end":{"line":21,"column":64}},"line":21},"1":{"name":"(anonymous_1)","decl":{"start":{"line":22,"column":2},"end":{"line":22,"column":3}},"loc":{"start":{"line":22,"column":32},"end":{"line":24,"column":3}},"line":22}},"branchMap":{},"s":{"0":3,"1":3,"2":3,"3":0,"4":0},"f":{"0":0,"1":0},"b":{},"_coverageSchema":"43e27e138ebf9cfc5966b082cf9a028302ed4184","hash":"aef91e2136a653eb5328ba1ad5ab00df62f2c664"}
,"/home/kraken33/develop/exmpl-project-frontend/src/services/http/interceptor.ts": {"path":"/home/kraken33/develop/exmpl-project-frontend/src/services/http/interceptor.ts","statementMap":{"0":{"start":{"line":5,"column":27},"end":{"line":18,"column":1}},"1":{"start":{"line":6,"column":20},"end":{"line":6,"column":66}},"2":{"start":{"line":7,"column":26},"end":{"line":9,"column":3}},"3":{"start":{"line":8,"column":4},"end":{"line":8,"column":38}},"4":{"start":{"line":10,"column":33},"end":{"line":12,"column":3}},"5":{"start":{"line":11,"column":4},"end":{"line":11,"column":45}},"6":{"start":{"line":14,"column":2},"end":{"line":14,"column":34}},"7":{"start":{"line":15,"column":2},"end":{"line":15,"column":53}},"8":{"start":{"line":17,"column":2},"end":{"line":17,"column":16}}},"fnMap":{"0":{"name":"(anonymous_0)","decl":{"start":{"line":5,"column":27},"end":{"line":5,"column":28}},"loc":{"start":{"line":5,"column":59},"end":{"line":18,"column":1}},"line":5},"1":{"name":"(anonymous_1)","decl":{"start":{"line":7,"column":26},"end":{"line":7,"column":27}},"loc":{"start":{"line":7,"column":45},"end":{"line":9,"column":3}},"line":7},"2":{"name":"(anonymous_2)","decl":{"start":{"line":10,"column":33},"end":{"line":10,"column":34}},"loc":{"start":{"line":10,"column":39},"end":{"line":12,"column":3}},"line":10}},"branchMap":{"0":{"loc":{"start":{"line":14,"column":2},"end":{"line":14,"column":33}},"type":"binary-expr","locations":[{"start":{"line":14,"column":2},"end":{"line":14,"column":7}},{"start":{"line":14,"column":11},"end":{"line":14,"column":33}}],"line":14},"1":{"loc":{"start":{"line":15,"column":2},"end":{"line":15,"column":52}},"type":"binary-expr","locations":[{"start":{"line":15,"column":2},"end":{"line":15,"column":24}},{"start":{"line":15,"column":28},"end":{"line":15,"column":52}}],"line":15}},"s":{"0":4,"1":2,"2":2,"3":2,"4":2,"5":2,"6":2,"7":2,"8":2},"f":{"0":2,"1":2,"2":2},"b":{"0":[2,2],"1":[2,2]},"_coverageSchema":"43e27e138ebf9cfc5966b082cf9a028302ed4184","hash":"f07f5ad188121db365377311c03670b335f1f7ea"}
,"/home/kraken33/develop/exmpl-project-frontend/src/services/permission/module.tsx": {"path":"/home/kraken33/develop/exmpl-project-frontend/src/services/permission/module.tsx","statementMap":{"0":{"start":{"line":11,"column":20},"end":{"line":18,"column":1}},"1":{"start":{"line":12,"column":21},"end":{"line":12,"column":39}},"2":{"start":{"line":13,"column":20},"end":{"line":13,"column":37}},"3":{"start":{"line":15,"column":2},"end":{"line":15,"column":25}},"4":{"start":{"line":17,"column":2},"end":{"line":17,"column":15}},"5":{"start":{"line":20,"column":24},"end":{"line":20,"column":37}},"6":{"start":{"line":22,"column":26},"end":{"line":22,"column":49}},"7":{"start":{"line":24,"column":37},"end":{"line":43,"column":1}},"8":{"start":{"line":25,"column":41},"end":{"line":25,"column":53}},"9":{"start":{"line":26,"column":2},"end":{"line":36,"column":9}},"10":{"start":{"line":27,"column":4},"end":{"line":31,"column":6}},"11":{"start":{"line":28,"column":6},"end":{"line":30,"column":48}},"12":{"start":{"line":33,"column":4},"end":{"line":35,"column":6}},"13":{"start":{"line":34,"column":6},"end":{"line":34,"column":43}},"14":{"start":{"line":38,"column":2},"end":{"line":42,"column":4}},"15":{"start":{"line":45,"column":23},"end":{"line":45,"column":68}},"16":{"start":{"line":45,"column":39},"end":{"line":45,"column":68}},"17":{"start":{"line":47,"column":27},"end":{"line":59,"column":3}},"18":{"start":{"line":49,"column":33},"end":{"line":59,"column":3}},"19":{"start":{"line":52,"column":2},"end":{"line":59,"column":3}},"20":{"start":{"line":52,"column":22},"end":{"line":52,"column":69}},"21":{"start":{"line":54,"column":6},"end":{"line":56,"column":27}},"22":{"start":{"line":55,"column":8},"end":{"line":55,"column":59}},"23":{"start":{"line":57,"column":6},"end":{"line":57,"column":63}},"24":{"start":{"line":61,"column":24},"end":{"line":77,"column":1}},"25":{"start":{"line":64,"column":5},"end":{"line":77,"column":1}},"26":{"start":{"line":64,"column":56},"end":{"line":77,"column":1}},"27":{"start":{"line":65,"column":22},"end":{"line":65,"column":38}},"28":{"start":{"line":66,"column":24},"end":{"line":70,"column":3}},"29":{"start":{"line":72,"column":2},"end":{"line":76,"column":4}}},"fnMap":{"0":{"name":"(anonymous_0)","decl":{"start":{"line":11,"column":20},"end":{"line":11,"column":21}},"loc":{"start":{"line":11,"column":26},"end":{"line":18,"column":1}},"line":11},"1":{"name":"(anonymous_1)","decl":{"start":{"line":24,"column":37},"end":{"line":24,"column":38}},"loc":{"start":{"line":24,"column":55},"end":{"line":43,"column":1}},"line":24},"2":{"name":"(anonymous_2)","decl":{"start":{"line":26,"column":12},"end":{"line":26,"column":13}},"loc":{"start":{"line":26,"column":18},"end":{"line":36,"column":3}},"line":26},"3":{"name":"(anonymous_3)","decl":{"start":{"line":27,"column":45},"end":{"line":27,"column":46}},"loc":{"start":{"line":28,"column":6},"end":{"line":30,"column":48}},"line":28},"4":{"name":"(anonymous_4)","decl":{"start":{"line":33,"column":11},"end":{"line":33,"column":12}},"loc":{"start":{"line":33,"column":17},"end":{"line":35,"column":5}},"line":33},"5":{"name":"(anonymous_5)","decl":{"start":{"line":45,"column":23},"end":{"line":45,"column":24}},"loc":{"start":{"line":45,"column":39},"end":{"line":45,"column":68}},"line":45},"6":{"name":"(anonymous_6)","decl":{"start":{"line":47,"column":27},"end":{"line":47,"column":28}},"loc":{"start":{"line":49,"column":33},"end":{"line":59,"column":3}},"line":49},"7":{"name":"(anonymous_7)","decl":{"start":{"line":49,"column":33},"end":{"line":49,"column":34}},"loc":{"start":{"line":52,"column":2},"end":{"line":59,"column":3}},"line":52},"8":{"name":"(anonymous_8)","decl":{"start":{"line":52,"column":10},"end":{"line":52,"column":11}},"loc":{"start":{"line":52,"column":22},"end":{"line":52,"column":69}},"line":52},"9":{"name":"(anonymous_9)","decl":{"start":{"line":53,"column":4},"end":{"line":53,"column":5}},"loc":{"start":{"line":53,"column":28},"end":{"line":58,"column":5}},"line":53},"10":{"name":"(anonymous_10)","decl":{"start":{"line":54,"column":16},"end":{"line":54,"column":17}},"loc":{"start":{"line":54,"column":22},"end":{"line":56,"column":7}},"line":54},"11":{"name":"(anonymous_11)","decl":{"start":{"line":61,"column":24},"end":{"line":61,"column":25}},"loc":{"start":{"line":64,"column":5},"end":{"line":77,"column":1}},"line":64},"12":{"name":"(anonymous_12)","decl":{"start":{"line":64,"column":5},"end":{"line":64,"column":6}},"loc":{"start":{"line":64,"column":56},"end":{"line":77,"column":1}},"line":64},"13":{"name":"(anonymous_13)","decl":{"start":{"line":64,"column":56},"end":{"line":64,"column":57}},"loc":{"start":{"line":64,"column":67},"end":{"line":77,"column":1}},"line":64}},"branchMap":{"0":{"loc":{"start":{"line":28,"column":6},"end":{"line":30,"column":48}},"type":"cond-expr","locations":[{"start":{"line":29,"column":10},"end":{"line":29,"column":45}},{"start":{"line":30,"column":10},"end":{"line":30,"column":48}}],"line":28},"1":{"loc":{"start":{"line":55,"column":8},"end":{"line":55,"column":58}},"type":"binary-expr","locations":[{"start":{"line":55,"column":8},"end":{"line":55,"column":23}},{"start":{"line":55,"column":27},"end":{"line":55,"column":58}}],"line":55},"2":{"loc":{"start":{"line":57,"column":13},"end":{"line":57,"column":62}},"type":"cond-expr","locations":[{"start":{"line":57,"column":30},"end":{"line":57,"column":43}},{"start":{"line":57,"column":46},"end":{"line":57,"column":62}}],"line":57},"3":{"loc":{"start":{"line":66,"column":24},"end":{"line":70,"column":3}},"type":"cond-expr","locations":[{"start":{"line":67,"column":4},"end":{"line":67,"column":29}},{"start":{"line":69,"column":4},"end":{"line":69,"column":20}}],"line":66},"4":{"loc":{"start":{"line":72,"column":9},"end":{"line":76,"column":3}},"type":"cond-expr","locations":[{"start":{"line":73,"column":4},"end":{"line":73,"column":54}},{"start":{"line":75,"column":4},"end":{"line":75,"column":17}}],"line":72}},"s":{"0":3,"1":3,"2":3,"3":3,"4":3,"5":3,"6":3,"7":3,"8":0,"9":0,"10":0,"11":0,"12":0,"13":0,"14":0,"15":3,"16":0,"17":3,"18":6,"19":6,"20":0,"21":0,"22":0,"23":0,"24":3,"25":6,"26":6,"27":0,"28":0,"29":0},"f":{"0":3,"1":0,"2":0,"3":0,"4":0,"5":0,"6":6,"7":6,"8":0,"9":0,"10":0,"11":6,"12":6,"13":0},"b":{"0":[0,0],"1":[0,0],"2":[0,0],"3":[0,0],"4":[0,0]},"_coverageSchema":"43e27e138ebf9cfc5966b082cf9a028302ed4184","hash":"ff0d5cbe041f4ad93c37a1726f1546b31b7cd075"}
,"/home/kraken33/develop/exmpl-project-frontend/src/services/permission/types.ts": {"path":"/home/kraken33/develop/exmpl-project-frontend/src/services/permission/types.ts","statementMap":{},"fnMap":{},"branchMap":{},"s":{},"f":{},"b":{},"hash":"fd44e83575cd02991253493eb503d63d070de814"}
,"/home/kraken33/develop/exmpl-project-frontend/src/store/autheticate/sagas.ts": {"path":"/home/kraken33/develop/exmpl-project-frontend/src/store/autheticate/sagas.ts","statementMap":{"0":{"start":{"line":12,"column":2},"end":{"line":22,"column":3}},"1":{"start":{"line":13,"column":4},"end":{"line":13,"column":61}},"2":{"start":{"line":14,"column":35},"end":{"line":14,"column":78}},"3":{"start":{"line":15,"column":4},"end":{"line":15,"column":44}},"4":{"start":{"line":16,"column":4},"end":{"line":16,"column":59}},"5":{"start":{"line":17,"column":4},"end":{"line":17,"column":47}},"6":{"start":{"line":19,"column":4},"end":{"line":19,"column":13}},"7":{"start":{"line":21,"column":4},"end":{"line":21,"column":64}},"8":{"start":{"line":26,"column":2},"end":{"line":26,"column":62}}},"fnMap":{"0":{"name":"authentication","decl":{"start":{"line":11,"column":10},"end":{"line":11,"column":24}},"loc":{"start":{"line":11,"column":64},"end":{"line":23,"column":1}},"line":11},"1":{"name":"entrySaga","decl":{"start":{"line":25,"column":10},"end":{"line":25,"column":19}},"loc":{"start":{"line":25,"column":33},"end":{"line":27,"column":1}},"line":25}},"branchMap":{},"s":{"0":7,"1":7,"2":7,"3":7,"4":7,"5":7,"6":0,"7":7,"8":3},"f":{"0":7,"1":3},"b":{},"_coverageSchema":"43e27e138ebf9cfc5966b082cf9a028302ed4184","hash":"ff7b3d43ba98aa3fe6b29d585475c66260d8f1c9"}
,"/home/kraken33/develop/exmpl-project-frontend/src/store/autheticate/selectors.ts": {"path":"/home/kraken33/develop/exmpl-project-frontend/src/store/autheticate/selectors.ts","statementMap":{"0":{"start":{"line":6,"column":68},"end":{"line":12,"column":1}},"1":{"start":{"line":14,"column":29},"end":{"line":14,"column":58}},"2":{"start":{"line":16,"column":23},"end":{"line":19,"column":1}}},"fnMap":{},"branchMap":{},"s":{"0":3,"1":3,"2":3},"f":{},"b":{},"_coverageSchema":"43e27e138ebf9cfc5966b082cf9a028302ed4184","hash":"88f468c2cd69d5ec8b1caf3efd0d026df94d9e77"}
,"/home/kraken33/develop/exmpl-project-frontend/src/store/autheticate/types.ts": {"path":"/home/kraken33/develop/exmpl-project-frontend/src/store/autheticate/types.ts","statementMap":{},"fnMap":{},"branchMap":{},"s":{},"f":{},"b":{},"hash":"9307327e094e918bad3064abb9ca058ae19d2151"}
,"/home/kraken33/develop/exmpl-project-frontend/src/store/layout/sagas.ts": {"path":"/home/kraken33/develop/exmpl-project-frontend/src/store/layout/sagas.ts","statementMap":{},"fnMap":{"0":{"name":"entrySaga","decl":{"start":{"line":5,"column":17},"end":{"line":5,"column":26}},"loc":{"start":{"line":5,"column":40},"end":{"line":7,"column":1}},"line":5}},"branchMap":{},"s":{},"f":{"0":0},"b":{},"_coverageSchema":"43e27e138ebf9cfc5966b082cf9a028302ed4184","hash":"d1552b4c79b2b1bcc9e10559e89d593aaaff888b"}
,"/home/kraken33/develop/exmpl-project-frontend/src/store/preloader/selectors.ts": {"path":"/home/kraken33/develop/exmpl-project-frontend/src/store/preloader/selectors.ts","statementMap":{"0":{"start":{"line":5,"column":20},"end":{"line":8,"column":1}},"1":{"start":{"line":10,"column":26},"end":{"line":10,"column":52}},"2":{"start":{"line":12,"column":23},"end":{"line":18,"column":1}},"3":{"start":{"line":15,"column":32},"end":{"line":15,"column":38}},"4":{"start":{"line":16,"column":25},"end":{"line":16,"column":30}},"5":{"start":{"line":20,"column":26},"end":{"line":23,"column":1}},"6":{"start":{"line":28,"column":15},"end":{"line":31,"column":1}},"7":{"start":{"line":30,"column":19},"end":{"line":30,"column":62}},"8":{"start":{"line":30,"column":34},"end":{"line":30,"column":54}}},"fnMap":{"0":{"name":"(anonymous_0)","decl":{"start":{"line":15,"column":22},"end":{"line":15,"column":23}},"loc":{"start":{"line":15,"column":32},"end":{"line":15,"column":38}},"line":15},"1":{"name":"(anonymous_1)","decl":{"start":{"line":16,"column":14},"end":{"line":16,"column":15}},"loc":{"start":{"line":16,"column":25},"end":{"line":16,"column":30}},"line":16},"2":{"name":"(anonymous_2)","decl":{"start":{"line":30,"column":2},"end":{"line":30,"column":3}},"loc":{"start":{"line":30,"column":19},"end":{"line":30,"column":62}},"line":30},"3":{"name":"(anonymous_3)","decl":{"start":{"line":30,"column":24},"end":{"line":30,"column":25}},"loc":{"start":{"line":30,"column":34},"end":{"line":30,"column":54}},"line":30}},"branchMap":{},"s":{"0":4,"1":4,"2":4,"3":3,"4":0,"5":4,"6":4,"7":2,"8":2},"f":{"0":3,"1":0,"2":2,"3":2},"b":{},"_coverageSchema":"43e27e138ebf9cfc5966b082cf9a028302ed4184","hash":"445c51f04791f3e902b87baf1881316affce9222"}
,"/home/kraken33/develop/exmpl-project-frontend/src/store/preloader/types.ts": {"path":"/home/kraken33/develop/exmpl-project-frontend/src/store/preloader/types.ts","statementMap":{},"fnMap":{},"branchMap":{},"s":{},"f":{},"b":{},"_coverageSchema":"43e27e138ebf9cfc5966b082cf9a028302ed4184","hash":"0dd2d232e212a1d845958195e96ee5ce975423af"}
,"/home/kraken33/develop/exmpl-project-frontend/src/utils/redux-form-validation.ts": {"path":"/home/kraken33/develop/exmpl-project-frontend/src/utils/redux-form-validation.ts","statementMap":{"0":{"start":{"line":7,"column":22},"end":{"line":20,"column":1}},"1":{"start":{"line":8,"column":15},"end":{"line":8,"column":59}},"2":{"start":{"line":9,"column":2},"end":{"line":17,"column":3}},"3":{"start":{"line":10,"column":19},"end":{"line":10,"column":36}},"4":{"start":{"line":11,"column":19},"end":{"line":11,"column":36}},"5":{"start":{"line":13,"column":4},"end":{"line":16,"column":36}},"6":{"start":{"line":14,"column":6},"end":{"line":14,"column":35}},"7":{"start":{"line":15,"column":6},"end":{"line":15,"column":17}},"8":{"start":{"line":18,"column":2},"end":{"line":18,"column":80}},"9":{"start":{"line":19,"column":2},"end":{"line":19,"column":12}},"10":{"start":{"line":27,"column":22},"end":{"line":56,"column":1}},"11":{"start":{"line":35,"column":6},"end":{"line":56,"column":1}},"12":{"start":{"line":36,"column":37},"end":{"line":38,"column":3}},"13":{"start":{"line":40,"column":0},"end":{"line":40,"column":25}},"14":{"start":{"line":43,"column":2},"end":{"line":43,"column":25}},"15":{"start":{"line":44,"column":2},"end":{"line":44,"column":46}},"16":{"start":{"line":45,"column":42},"end":{"line":45,"column":66}},"17":{"start":{"line":47,"column":28},"end":{"line":51,"column":10}},"18":{"start":{"line":48,"column":4},"end":{"line":51,"column":10}},"19":{"start":{"line":49,"column":6},"end":{"line":49,"column":69}},"20":{"start":{"line":50,"column":6},"end":{"line":50,"column":17}},"21":{"start":{"line":53,"column":20},"end":{"line":53,"column":50}},"22":{"start":{"line":55,"column":2},"end":{"line":55,"column":53}},"23":{"start":{"line":55,"column":37},"end":{"line":55,"column":53}}},"fnMap":{"0":{"name":"(anonymous_0)","decl":{"start":{"line":7,"column":22},"end":{"line":7,"column":23}},"loc":{"start":{"line":7,"column":44},"end":{"line":20,"column":1}},"line":7},"1":{"name":"(anonymous_1)","decl":{"start":{"line":13,"column":48},"end":{"line":13,"column":49}},"loc":{"start":{"line":13,"column":62},"end":{"line":16,"column":5}},"line":13},"2":{"name":"(anonymous_2)","decl":{"start":{"line":27,"column":22},"end":{"line":27,"column":23}},"loc":{"start":{"line":35,"column":6},"end":{"line":56,"column":1}},"line":35},"3":{"name":"(anonymous_3)","decl":{"start":{"line":35,"column":6},"end":{"line":35,"column":7}},"loc":{"start":{"line":35,"column":32},"end":{"line":56,"column":1}},"line":35},"4":{"name":"(anonymous_4)","decl":{"start":{"line":47,"column":28},"end":{"line":47,"column":29}},"loc":{"start":{"line":48,"column":4},"end":{"line":51,"column":10}},"line":48},"5":{"name":"(anonymous_5)","decl":{"start":{"line":48,"column":18},"end":{"line":48,"column":19}},"loc":{"start":{"line":48,"column":70},"end":{"line":51,"column":5}},"line":48}},"branchMap":{"0":{"loc":{"start":{"line":9,"column":2},"end":{"line":17,"column":3}},"type":"if","locations":[{"start":{"line":9,"column":2},"end":{"line":17,"column":3}},{"start":{"line":9,"column":2},"end":{"line":17,"column":3}}],"line":9},"1":{"loc":{"start":{"line":10,"column":19},"end":{"line":10,"column":36}},"type":"binary-expr","locations":[{"start":{"line":10,"column":19},"end":{"line":10,"column":30}},{"start":{"line":10,"column":34},"end":{"line":10,"column":36}}],"line":10},"2":{"loc":{"start":{"line":11,"column":19},"end":{"line":11,"column":36}},"type":"binary-expr","locations":[{"start":{"line":11,"column":19},"end":{"line":11,"column":30}},{"start":{"line":11,"column":34},"end":{"line":11,"column":36}}],"line":11},"3":{"loc":{"start":{"line":14,"column":17},"end":{"line":14,"column":34}},"type":"binary-expr","locations":[{"start":{"line":14,"column":17},"end":{"line":14,"column":28}},{"start":{"line":14,"column":32},"end":{"line":14,"column":34}}],"line":14},"4":{"loc":{"start":{"line":44,"column":11},"end":{"line":44,"column":45}},"type":"cond-expr","locations":[{"start":{"line":44,"column":21},"end":{"line":44,"column":36}},{"start":{"line":44,"column":39},"end":{"line":44,"column":45}}],"line":44},"5":{"loc":{"start":{"line":55,"column":2},"end":{"line":55,"column":53}},"type":"if","locations":[{"start":{"line":55,"column":2},"end":{"line":55,"column":53}},{"start":{"line":55,"column":2},"end":{"line":55,"column":53}}],"line":55}},"s":{"0":4,"1":4,"2":4,"3":3,"4":3,"5":3,"6":3,"7":3,"8":1,"9":0,"10":4,"11":5,"12":2,"13":2,"14":2,"15":2,"16":2,"17":2,"18":2,"19":1,"20":1,"21":2,"22":2,"23":1},"f":{"0":4,"1":3,"2":5,"3":2,"4":2,"5":1},"b":{"0":[3,1],"1":[3,0],"2":[3,0],"3":[3,3],"4":[0,2],"5":[1,1]},"_coverageSchema":"43e27e138ebf9cfc5966b082cf9a028302ed4184","hash":"cc98bb759fe3553a68ffcdac6bdee1dec7e9b899"}
,"/home/kraken33/develop/exmpl-project-frontend/src/utils/test.ts": {"path":"/home/kraken33/develop/exmpl-project-frontend/src/utils/test.ts","statementMap":{"0":{"start":{"line":3,"column":18},"end":{"line":3,"column":39}},"1":{"start":{"line":3,"column":29},"end":{"line":3,"column":39}},"2":{"start":{"line":5,"column":16},"end":{"line":11,"column":4}},"3":{"start":{"line":5,"column":30},"end":{"line":11,"column":4}},"4":{"start":{"line":6,"column":4},"end":{"line":10,"column":6}},"5":{"start":{"line":8,"column":25},"end":{"line":8,"column":30}}},"fnMap":{"0":{"name":"(anonymous_0)","decl":{"start":{"line":3,"column":18},"end":{"line":3,"column":19}},"loc":{"start":{"line":3,"column":29},"end":{"line":3,"column":39}},"line":3},"1":{"name":"(anonymous_1)","decl":{"start":{"line":5,"column":16},"end":{"line":5,"column":17}},"loc":{"start":{"line":5,"column":30},"end":{"line":11,"column":4}},"line":5},"2":{"name":"(anonymous_2)","decl":{"start":{"line":5,"column":52},"end":{"line":5,"column":53}},"loc":{"start":{"line":5,"column":58},"end":{"line":11,"column":3}},"line":5},"3":{"name":"(anonymous_3)","decl":{"start":{"line":8,"column":18},"end":{"line":8,"column":19}},"loc":{"start":{"line":8,"column":25},"end":{"line":8,"column":30}},"line":8}},"branchMap":{},"s":{"0":5,"1":3,"2":5,"3":0,"4":0,"5":0},"f":{"0":3,"1":0,"2":0,"3":0},"b":{},"_coverageSchema":"43e27e138ebf9cfc5966b082cf9a028302ed4184","hash":"7cab3e8459e794d09fa9fe07f01afa462189d118"}
}
