{"/home/kraken33/develop/exmpl-project-frontend/src/index.tsx": {"path":"/home/kraken33/develop/exmpl-project-frontend/src/index.tsx","statementMap":{"0":{"start":{"line":14,"column":0},"end":{"line":16,"column":6}},"1":{"start":{"line":15,"column":2},"end":{"line":15,"column":13}},"2":{"start":{"line":18,"column":0},"end":{"line":27,"column":6}},"3":{"start":{"line":19,"column":2},"end":{"line":25,"column":5}},"4":{"start":{"line":29,"column":20},"end":{"line":29,"column":66}},"5":{"start":{"line":30,"column":15},"end":{"line":48,"column":1}},"6":{"start":{"line":35,"column":2},"end":{"line":47,"column":4}},"7":{"start":{"line":50,"column":0},"end":{"line":50,"column":25}}},"fnMap":{"0":{"name":"(anonymous_0)","decl":{"start":{"line":14,"column":11},"end":{"line":14,"column":12}},"loc":{"start":{"line":14,"column":17},"end":{"line":16,"column":1}},"line":14},"1":{"name":"(anonymous_1)","decl":{"start":{"line":18,"column":11},"end":{"line":18,"column":12}},"loc":{"start":{"line":18,"column":17},"end":{"line":27,"column":1}},"line":18},"2":{"name":"(anonymous_2)","decl":{"start":{"line":30,"column":15},"end":{"line":30,"column":16}},"loc":{"start":{"line":34,"column":5},"end":{"line":48,"column":1}},"line":34}},"branchMap":{},"s":{"0":0,"1":0,"2":0,"3":0,"4":0,"5":0,"6":0,"7":0},"f":{"0":0,"1":0,"2":0},"b":{},"hash":"48b0bb67523f98cd86f168a990579bc33cee45c0"}
,"/home/kraken33/develop/exmpl-project-frontend/src/serviceWorker.ts": {"path":"/home/kraken33/develop/exmpl-project-frontend/src/serviceWorker.ts","statementMap":{"0":{"start":{"line":15,"column":20},"end":{"line":23,"column":1}},"1":{"start":{"line":30,"column":24},"end":{"line":72,"column":1}},"2":{"start":{"line":31,"column":2},"end":{"line":71,"column":7}},"3":{"start":{"line":34,"column":6},"end":{"line":67,"column":8}},"4":{"start":{"line":35,"column":33},"end":{"line":35,"column":56}},"5":{"start":{"line":36,"column":8},"end":{"line":38,"column":9}},"6":{"start":{"line":37,"column":10},"end":{"line":37,"column":17}},"7":{"start":{"line":39,"column":8},"end":{"line":66,"column":10}},"8":{"start":{"line":40,"column":10},"end":{"line":65,"column":11}},"9":{"start":{"line":41,"column":12},"end":{"line":64,"column":13}},"10":{"start":{"line":45,"column":14},"end":{"line":48,"column":16}},"11":{"start":{"line":51,"column":14},"end":{"line":53,"column":15}},"12":{"start":{"line":52,"column":16},"end":{"line":52,"column":46}},"13":{"start":{"line":58,"column":14},"end":{"line":58,"column":64}},"14":{"start":{"line":61,"column":14},"end":{"line":63,"column":15}},"15":{"start":{"line":62,"column":16},"end":{"line":62,"column":47}},"16":{"start":{"line":70,"column":6},"end":{"line":70,"column":72}},"17":{"start":{"line":74,"column":32},"end":{"line":102,"column":1}},"18":{"start":{"line":76,"column":2},"end":{"line":101,"column":7}},"19":{"start":{"line":81,"column":26},"end":{"line":81,"column":62}},"20":{"start":{"line":82,"column":6},"end":{"line":95,"column":7}},"21":{"start":{"line":87,"column":8},"end":{"line":91,"column":11}},"22":{"start":{"line":88,"column":10},"end":{"line":90,"column":13}},"23":{"start":{"line":89,"column":12},"end":{"line":89,"column":37}},"24":{"start":{"line":94,"column":8},"end":{"line":94,"column":39}},"25":{"start":{"line":98,"column":6},"end":{"line":100,"column":8}},"26":{"start":{"line":105,"column":2},"end":{"line":135,"column":3}},"27":{"start":{"line":107,"column":22},"end":{"line":107,"column":75}},"28":{"start":{"line":108,"column":4},"end":{"line":113,"column":5}},"29":{"start":{"line":112,"column":6},"end":{"line":112,"column":13}},"30":{"start":{"line":115,"column":4},"end":{"line":134,"column":7}},"31":{"start":{"line":116,"column":20},"end":{"line":116,"column":65}},"32":{"start":{"line":118,"column":6},"end":{"line":133,"column":7}},"33":{"start":{"line":120,"column":8},"end":{"line":120,"column":47}},"34":{"start":{"line":124,"column":8},"end":{"line":129,"column":11}},"35":{"start":{"line":125,"column":10},"end":{"line":128,"column":12}},"36":{"start":{"line":132,"column":8},"end":{"line":132,"column":39}},"37":{"start":{"line":139,"column":2},"end":{"line":143,"column":3}},"38":{"start":{"line":140,"column":4},"end":{"line":142,"column":7}},"39":{"start":{"line":141,"column":6},"end":{"line":141,"column":32}}},"fnMap":{"0":{"name":"(anonymous_0)","decl":{"start":{"line":30,"column":24},"end":{"line":30,"column":25}},"loc":{"start":{"line":30,"column":60},"end":{"line":72,"column":1}},"line":30},"1":{"name":"(anonymous_1)","decl":{"start":{"line":33,"column":10},"end":{"line":33,"column":11}},"loc":{"start":{"line":33,"column":28},"end":{"line":68,"column":5}},"line":33},"2":{"name":"(anonymous_2)","decl":{"start":{"line":34,"column":35},"end":{"line":34,"column":36}},"loc":{"start":{"line":34,"column":41},"end":{"line":67,"column":7}},"line":34},"3":{"name":"(anonymous_3)","decl":{"start":{"line":39,"column":41},"end":{"line":39,"column":42}},"loc":{"start":{"line":39,"column":47},"end":{"line":66,"column":9}},"line":39},"4":{"name":"(anonymous_4)","decl":{"start":{"line":69,"column":11},"end":{"line":69,"column":12}},"loc":{"start":{"line":69,"column":22},"end":{"line":71,"column":5}},"line":69},"5":{"name":"(anonymous_5)","decl":{"start":{"line":74,"column":32},"end":{"line":74,"column":33}},"loc":{"start":{"line":74,"column":68},"end":{"line":102,"column":1}},"line":74},"6":{"name":"(anonymous_6)","decl":{"start":{"line":79,"column":10},"end":{"line":79,"column":11}},"loc":{"start":{"line":79,"column":24},"end":{"line":96,"column":5}},"line":79},"7":{"name":"(anonymous_7)","decl":{"start":{"line":87,"column":43},"end":{"line":87,"column":44}},"loc":{"start":{"line":87,"column":61},"end":{"line":91,"column":9}},"line":87},"8":{"name":"(anonymous_8)","decl":{"start":{"line":88,"column":41},"end":{"line":88,"column":42}},"loc":{"start":{"line":88,"column":47},"end":{"line":90,"column":11}},"line":88},"9":{"name":"(anonymous_9)","decl":{"start":{"line":97,"column":11},"end":{"line":97,"column":12}},"loc":{"start":{"line":97,"column":17},"end":{"line":101,"column":5}},"line":97},"10":{"name":"register","decl":{"start":{"line":104,"column":16},"end":{"line":104,"column":24}},"loc":{"start":{"line":104,"column":48},"end":{"line":136,"column":1}},"line":104},"11":{"name":"(anonymous_11)","decl":{"start":{"line":115,"column":36},"end":{"line":115,"column":37}},"loc":{"start":{"line":115,"column":42},"end":{"line":134,"column":5}},"line":115},"12":{"name":"(anonymous_12)","decl":{"start":{"line":124,"column":43},"end":{"line":124,"column":44}},"loc":{"start":{"line":124,"column":49},"end":{"line":129,"column":9}},"line":124},"13":{"name":"unregister","decl":{"start":{"line":138,"column":16},"end":{"line":138,"column":26}},"loc":{"start":{"line":138,"column":35},"end":{"line":144,"column":1}},"line":138},"14":{"name":"(anonymous_14)","decl":{"start":{"line":140,"column":39},"end":{"line":140,"column":40}},"loc":{"start":{"line":140,"column":57},"end":{"line":142,"column":5}},"line":140}},"branchMap":{"0":{"loc":{"start":{"line":16,"column":2},"end":{"line":22,"column":5}},"type":"binary-expr","locations":[{"start":{"line":16,"column":2},"end":{"line":16,"column":42}},{"start":{"line":18,"column":4},"end":{"line":18,"column":40}},{"start":{"line":20,"column":4},"end":{"line":22,"column":5}}],"line":16},"1":{"loc":{"start":{"line":36,"column":8},"end":{"line":38,"column":9}},"type":"if","locations":[{"start":{"line":36,"column":8},"end":{"line":38,"column":9}},{"start":{"line":36,"column":8},"end":{"line":38,"column":9}}],"line":36},"2":{"loc":{"start":{"line":40,"column":10},"end":{"line":65,"column":11}},"type":"if","locations":[{"start":{"line":40,"column":10},"end":{"line":65,"column":11}},{"start":{"line":40,"column":10},"end":{"line":65,"column":11}}],"line":40},"3":{"loc":{"start":{"line":41,"column":12},"end":{"line":64,"column":13}},"type":"if","locations":[{"start":{"line":41,"column":12},"end":{"line":64,"column":13}},{"start":{"line":41,"column":12},"end":{"line":64,"column":13}}],"line":41},"4":{"loc":{"start":{"line":51,"column":14},"end":{"line":53,"column":15}},"type":"if","locations":[{"start":{"line":51,"column":14},"end":{"line":53,"column":15}},{"start":{"line":51,"column":14},"end":{"line":53,"column":15}}],"line":51},"5":{"loc":{"start":{"line":51,"column":18},"end":{"line":51,"column":43}},"type":"binary-expr","locations":[{"start":{"line":51,"column":18},"end":{"line":51,"column":24}},{"start":{"line":51,"column":28},"end":{"line":51,"column":43}}],"line":51},"6":{"loc":{"start":{"line":61,"column":14},"end":{"line":63,"column":15}},"type":"if","locations":[{"start":{"line":61,"column":14},"end":{"line":63,"column":15}},{"start":{"line":61,"column":14},"end":{"line":63,"column":15}}],"line":61},"7":{"loc":{"start":{"line":61,"column":18},"end":{"line":61,"column":44}},"type":"binary-expr","locations":[{"start":{"line":61,"column":18},"end":{"line":61,"column":24}},{"start":{"line":61,"column":28},"end":{"line":61,"column":44}}],"line":61},"8":{"loc":{"start":{"line":82,"column":6},"end":{"line":95,"column":7}},"type":"if","locations":[{"start":{"line":82,"column":6},"end":{"line":95,"column":7}},{"start":{"line":82,"column":6},"end":{"line":95,"column":7}}],"line":82},"9":{"loc":{"start":{"line":83,"column":8},"end":{"line":84,"column":73}},"type":"binary-expr","locations":[{"start":{"line":83,"column":8},"end":{"line":83,"column":31}},{"start":{"line":84,"column":9},"end":{"line":84,"column":28}},{"start":{"line":84,"column":32},"end":{"line":84,"column":72}}],"line":83},"10":{"loc":{"start":{"line":105,"column":2},"end":{"line":135,"column":3}},"type":"if","locations":[{"start":{"line":105,"column":2},"end":{"line":135,"column":3}},{"start":{"line":105,"column":2},"end":{"line":135,"column":3}}],"line":105},"11":{"loc":{"start":{"line":105,"column":6},"end":{"line":105,"column":75}},"type":"binary-expr","locations":[{"start":{"line":105,"column":6},"end":{"line":105,"column":43}},{"start":{"line":105,"column":47},"end":{"line":105,"column":75}}],"line":105},"12":{"loc":{"start":{"line":108,"column":4},"end":{"line":113,"column":5}},"type":"if","locations":[{"start":{"line":108,"column":4},"end":{"line":113,"column":5}},{"start":{"line":108,"column":4},"end":{"line":113,"column":5}}],"line":108},"13":{"loc":{"start":{"line":118,"column":6},"end":{"line":133,"column":7}},"type":"if","locations":[{"start":{"line":118,"column":6},"end":{"line":133,"column":7}},{"start":{"line":118,"column":6},"end":{"line":133,"column":7}}],"line":118},"14":{"loc":{"start":{"line":139,"column":2},"end":{"line":143,"column":3}},"type":"if","locations":[{"start":{"line":139,"column":2},"end":{"line":143,"column":3}},{"start":{"line":139,"column":2},"end":{"line":143,"column":3}}],"line":139}},"s":{"0":0,"1":0,"2":0,"3":0,"4":0,"5":0,"6":0,"7":0,"8":0,"9":0,"10":0,"11":0,"12":0,"13":0,"14":0,"15":0,"16":0,"17":0,"18":0,"19":0,"20":0,"21":0,"22":0,"23":0,"24":0,"25":0,"26":0,"27":0,"28":0,"29":0,"30":0,"31":0,"32":0,"33":0,"34":0,"35":0,"36":0,"37":0,"38":0,"39":0},"f":{"0":0,"1":0,"2":0,"3":0,"4":0,"5":0,"6":0,"7":0,"8":0,"9":0,"10":0,"11":0,"12":0,"13":0,"14":0},"b":{"0":[0,0,0],"1":[0,0],"2":[0,0],"3":[0,0],"4":[0,0],"5":[0,0],"6":[0,0],"7":[0,0],"8":[0,0],"9":[0,0,0],"10":[0,0],"11":[0,0],"12":[0,0],"13":[0,0],"14":[0,0]},"hash":"5d35f0962193ceb452e943a7aca9de769a5e306c"}
,"/home/kraken33/develop/exmpl-project-frontend/src/components/index.ts": {"path":"/home/kraken33/develop/exmpl-project-frontend/src/components/index.ts","statementMap":{},"fnMap":{},"branchMap":{},"s":{},"f":{},"b":{},"_coverageSchema":"43e27e138ebf9cfc5966b082cf9a028302ed4184","hash":"f9f066dec79c8fbd6b87214464bccdd2b98aadb1"}
,"/home/kraken33/develop/exmpl-project-frontend/src/components/app/container.ts": {"path":"/home/kraken33/develop/exmpl-project-frontend/src/components/app/container.ts","statementMap":{"0":{"start":{"line":3,"column":18},"end":{"line":3,"column":27}}},"fnMap":{},"branchMap":{},"s":{"0":6},"f":{},"b":{},"_coverageSchema":"43e27e138ebf9cfc5966b082cf9a028302ed4184","hash":"b99bfda04439755ec001d2731421ac048a09196d"}
,"/home/kraken33/develop/exmpl-project-frontend/src/components/app/index.ts": {"path":"/home/kraken33/develop/exmpl-project-frontend/src/components/app/index.ts","statementMap":{},"fnMap":{},"branchMap":{},"s":{},"f":{},"b":{},"_coverageSchema":"43e27e138ebf9cfc5966b082cf9a028302ed4184","hash":"a722b0ab23bc71b630f9d8cb4573142d3099d55e"}
,"/home/kraken33/develop/exmpl-project-frontend/src/components/app/view.tsx": {"path":"/home/kraken33/develop/exmpl-project-frontend/src/components/app/view.tsx","statementMap":{"0":{"start":{"line":7,"column":28},"end":{"line":14,"column":1}},"1":{"start":{"line":8,"column":2},"end":{"line":13,"column":4}}},"fnMap":{"0":{"name":"(anonymous_0)","decl":{"start":{"line":7,"column":28},"end":{"line":7,"column":29}},"loc":{"start":{"line":7,"column":34},"end":{"line":14,"column":1}},"line":7}},"branchMap":{},"s":{"0":6,"1":1},"f":{"0":1},"b":{},"_coverageSchema":"43e27e138ebf9cfc5966b082cf9a028302ed4184","hash":"3eb782b13d1b0761cc532e06c49203b1df524f63"}
,"/home/kraken33/develop/exmpl-project-frontend/src/components/breadcrumbs/container.ts": {"path":"/home/kraken33/develop/exmpl-project-frontend/src/components/breadcrumbs/container.ts","statementMap":{"0":{"start":{"line":5,"column":18},"end":{"line":5,"column":44}}},"fnMap":{},"branchMap":{},"s":{"0":8},"f":{},"b":{},"_coverageSchema":"43e27e138ebf9cfc5966b082cf9a028302ed4184","hash":"14e6b8ad4b9cb97d0ac2c5ebc49b5679fa408dab"}
,"/home/kraken33/develop/exmpl-project-frontend/src/components/breadcrumbs/index.ts": {"path":"/home/kraken33/develop/exmpl-project-frontend/src/components/breadcrumbs/index.ts","statementMap":{},"fnMap":{},"branchMap":{},"s":{},"f":{},"b":{},"_coverageSchema":"43e27e138ebf9cfc5966b082cf9a028302ed4184","hash":"eb0011a3b2ef1f3333ee1e9a31aeb48e737bdaf0"}
,"/home/kraken33/develop/exmpl-project-frontend/src/components/breadcrumbs/types.ts": {"path":"/home/kraken33/develop/exmpl-project-frontend/src/components/breadcrumbs/types.ts","statementMap":{},"fnMap":{},"branchMap":{},"s":{},"f":{},"b":{},"hash":"540908c41282ca61ab585a3ad1d2681e5514c219"}
,"/home/kraken33/develop/exmpl-project-frontend/src/components/breadcrumbs/view.tsx": {"path":"/home/kraken33/develop/exmpl-project-frontend/src/components/breadcrumbs/view.tsx","statementMap":{"0":{"start":{"line":8,"column":49},"end":{"line":26,"column":1}},"1":{"start":{"line":9,"column":17},"end":{"line":9,"column":68}},"2":{"start":{"line":9,"column":36},"end":{"line":9,"column":68}},"3":{"start":{"line":11,"column":2},"end":{"line":25,"column":4}},"4":{"start":{"line":14,"column":8},"end":{"line":22,"column":10}}},"fnMap":{"0":{"name":"(anonymous_0)","decl":{"start":{"line":8,"column":49},"end":{"line":8,"column":50}},"loc":{"start":{"line":8,"column":70},"end":{"line":26,"column":1}},"line":8},"1":{"name":"(anonymous_1)","decl":{"start":{"line":9,"column":17},"end":{"line":9,"column":18}},"loc":{"start":{"line":9,"column":36},"end":{"line":9,"column":68}},"line":9},"2":{"name":"(anonymous_2)","decl":{"start":{"line":13,"column":24},"end":{"line":13,"column":25}},"loc":{"start":{"line":13,"column":58},"end":{"line":23,"column":7}},"line":13}},"branchMap":{"0":{"loc":{"start":{"line":16,"column":13},"end":{"line":20,"column":13}},"type":"cond-expr","locations":[{"start":{"line":17,"column":14},"end":{"line":17,"column":54}},{"start":{"line":19,"column":14},"end":{"line":19,"column":39}}],"line":16}},"s":{"0":9,"1":2,"2":1,"3":2,"4":1},"f":{"0":2,"1":1,"2":1},"b":{"0":[1,0]},"_coverageSchema":"43e27e138ebf9cfc5966b082cf9a028302ed4184","hash":"e7527ba5f796f2955a1554dc0ede3af9ae084343"}
,"/home/kraken33/develop/exmpl-project-frontend/src/components/button/container.ts": {"path":"/home/kraken33/develop/exmpl-project-frontend/src/components/button/container.ts","statementMap":{"0":{"start":{"line":8,"column":24},"end":{"line":15,"column":1}},"1":{"start":{"line":12,"column":2},"end":{"line":14,"column":4}},"2":{"start":{"line":17,"column":16},"end":{"line":17,"column":46}},"3":{"start":{"line":19,"column":18},"end":{"line":19,"column":36}}},"fnMap":{"0":{"name":"(anonymous_0)","decl":{"start":{"line":8,"column":24},"end":{"line":8,"column":25}},"loc":{"start":{"line":11,"column":10},"end":{"line":15,"column":1}},"line":11}},"branchMap":{},"s":{"0":6,"1":0,"2":6,"3":6},"f":{"0":0},"b":{},"_coverageSchema":"43e27e138ebf9cfc5966b082cf9a028302ed4184","hash":"64143d28c6633e6cbe5b9b74bfd4fb66cd7b640a"}
,"/home/kraken33/develop/exmpl-project-frontend/src/components/button/index.ts": {"path":"/home/kraken33/develop/exmpl-project-frontend/src/components/button/index.ts","statementMap":{},"fnMap":{},"branchMap":{},"s":{},"f":{},"b":{},"_coverageSchema":"43e27e138ebf9cfc5966b082cf9a028302ed4184","hash":"cf40a7f28f9f2e6b908b76c4f21551fdf2a93094"}
,"/home/kraken33/develop/exmpl-project-frontend/src/components/button/types.ts": {"path":"/home/kraken33/develop/exmpl-project-frontend/src/components/button/types.ts","statementMap":{},"fnMap":{},"branchMap":{},"s":{},"f":{},"b":{},"hash":"78aa3655c219acf2e1f236f657519ac2e55465bd"}
,"/home/kraken33/develop/exmpl-project-frontend/src/components/button/view.tsx": {"path":"/home/kraken33/develop/exmpl-project-frontend/src/components/button/view.tsx","statementMap":{"0":{"start":{"line":7,"column":41},"end":{"line":15,"column":1}},"1":{"start":{"line":8,"column":16},"end":{"line":13,"column":3}},"2":{"start":{"line":14,"column":2},"end":{"line":14,"column":48}}},"fnMap":{"0":{"name":"(anonymous_0)","decl":{"start":{"line":7,"column":41},"end":{"line":7,"column":42}},"loc":{"start":{"line":7,"column":77},"end":{"line":15,"column":1}},"line":7}},"branchMap":{"0":{"loc":{"start":{"line":10,"column":8},"end":{"line":12,"column":10}},"type":"cond-expr","locations":[{"start":{"line":11,"column":8},"end":{"line":11,"column":75}},{"start":{"line":12,"column":8},"end":{"line":12,"column":10}}],"line":10},"1":{"loc":{"start":{"line":11,"column":16},"end":{"line":11,"column":57}},"type":"cond-expr","locations":[{"start":{"line":11,"column":26},"end":{"line":11,"column":45}},{"start":{"line":11,"column":48},"end":{"line":11,"column":57}}],"line":11}},"s":{"0":7,"1":2,"2":2},"f":{"0":2},"b":{"0":[1,1],"1":[1,0]},"_coverageSchema":"43e27e138ebf9cfc5966b082cf9a028302ed4184","hash":"f5cdc314417ce8ff3e5deb8588a2a47d0b19306d"}
,"/home/kraken33/develop/exmpl-project-frontend/src/components/form-controls/index.ts": {"path":"/home/kraken33/develop/exmpl-project-frontend/src/components/form-controls/index.ts","statementMap":{},"fnMap":{},"branchMap":{},"s":{},"f":{},"b":{},"_coverageSchema":"43e27e138ebf9cfc5966b082cf9a028302ed4184","hash":"c64710d49d24635a5b4917eb312089d1531ec694"}
,"/home/kraken33/develop/exmpl-project-frontend/src/components/form-controls/checkbox/index.ts": {"path":"/home/kraken33/develop/exmpl-project-frontend/src/components/form-controls/checkbox/index.ts","statementMap":{},"fnMap":{},"branchMap":{},"s":{},"f":{},"b":{},"_coverageSchema":"43e27e138ebf9cfc5966b082cf9a028302ed4184","hash":"9c0bb4311d660374e68b4794c937186140767b2c"}
,"/home/kraken33/develop/exmpl-project-frontend/src/components/form-controls/checkbox/types.ts": {"path":"/home/kraken33/develop/exmpl-project-frontend/src/components/form-controls/checkbox/types.ts","statementMap":{},"fnMap":{},"branchMap":{},"s":{},"f":{},"b":{},"hash":"1edc0d669155c8a7fac6e516d781d24d4123ef6f"}
,"/home/kraken33/develop/exmpl-project-frontend/src/components/form-controls/checkbox/view.tsx": {"path":"/home/kraken33/develop/exmpl-project-frontend/src/components/form-controls/checkbox/view.tsx","statementMap":{"0":{"start":{"line":7,"column":46},"end":{"line":24,"column":1}},"1":{"start":{"line":15,"column":2},"end":{"line":23,"column":4}}},"fnMap":{"0":{"name":"(anonymous_0)","decl":{"start":{"line":7,"column":46},"end":{"line":7,"column":47}},"loc":{"start":{"line":14,"column":6},"end":{"line":24,"column":1}},"line":14}},"branchMap":{},"s":{"0":8,"1":1},"f":{"0":1},"b":{},"_coverageSchema":"43e27e138ebf9cfc5966b082cf9a028302ed4184","hash":"50a4572a67f33e096ca3a7920cb1d154759ddd0e"}
,"/home/kraken33/develop/exmpl-project-frontend/src/components/form-controls/code/index.ts": {"path":"/home/kraken33/develop/exmpl-project-frontend/src/components/form-controls/code/index.ts","statementMap":{},"fnMap":{},"branchMap":{},"s":{},"f":{},"b":{},"_coverageSchema":"43e27e138ebf9cfc5966b082cf9a028302ed4184","hash":"f9efc724882b0285a725ac0ff091e63f322531a2"}
,"/home/kraken33/develop/exmpl-project-frontend/src/components/form-controls/code/types.ts": {"path":"/home/kraken33/develop/exmpl-project-frontend/src/components/form-controls/code/types.ts","statementMap":{},"fnMap":{},"branchMap":{},"s":{},"f":{},"b":{},"hash":"3b810702df027019dee10881d31211ac36c9ebb4"}
,"/home/kraken33/develop/exmpl-project-frontend/src/components/form-controls/code/view.tsx": {"path":"/home/kraken33/develop/exmpl-project-frontend/src/components/form-controls/code/view.tsx","statementMap":{"0":{"start":{"line":7,"column":42},"end":{"line":30,"column":1}},"1":{"start":{"line":15,"column":2},"end":{"line":29,"column":4}},"2":{"start":{"line":25,"column":10},"end":{"line":25,"column":32}}},"fnMap":{"0":{"name":"(anonymous_0)","decl":{"start":{"line":7,"column":42},"end":{"line":7,"column":43}},"loc":{"start":{"line":14,"column":6},"end":{"line":30,"column":1}},"line":14},"1":{"name":"(anonymous_1)","decl":{"start":{"line":24,"column":24},"end":{"line":24,"column":25}},"loc":{"start":{"line":24,"column":42},"end":{"line":26,"column":9}},"line":24}},"branchMap":{},"s":{"0":8,"1":2,"2":1},"f":{"0":2,"1":1},"b":{},"_coverageSchema":"43e27e138ebf9cfc5966b082cf9a028302ed4184","hash":"b28e7aacd330d04c4dc60e9441660cbe5cf443ed"}
,"/home/kraken33/develop/exmpl-project-frontend/src/components/form-controls/controler/index.ts": {"path":"/home/kraken33/develop/exmpl-project-frontend/src/components/form-controls/controler/index.ts","statementMap":{},"fnMap":{},"branchMap":{},"s":{},"f":{},"b":{},"_coverageSchema":"43e27e138ebf9cfc5966b082cf9a028302ed4184","hash":"d89c4c62120bb2910ce415a1185fd39aa12c3677"}
,"/home/kraken33/develop/exmpl-project-frontend/src/components/form-controls/controler/types.ts": {"path":"/home/kraken33/develop/exmpl-project-frontend/src/components/form-controls/controler/types.ts","statementMap":{},"fnMap":{},"branchMap":{},"s":{},"f":{},"b":{},"_coverageSchema":"43e27e138ebf9cfc5966b082cf9a028302ed4184","hash":"0344ee918c4a104117d932b363ad07bd84593d90"}
,"/home/kraken33/develop/exmpl-project-frontend/src/components/form-controls/controler/view.tsx": {"path":"/home/kraken33/develop/exmpl-project-frontend/src/components/form-controls/controler/view.tsx","statementMap":{"0":{"start":{"line":11,"column":37},"end":{"line":32,"column":1}},"1":{"start":{"line":12,"column":23},"end":{"line":27,"column":3}},"2":{"start":{"line":13,"column":40},"end":{"line":20,"column":5}},"3":{"start":{"line":21,"column":31},"end":{"line":21,"column":65}},"4":{"start":{"line":23,"column":4},"end":{"line":24,"column":72}},"5":{"start":{"line":26,"column":4},"end":{"line":26,"column":39}},"6":{"start":{"line":29,"column":2},"end":{"line":31,"column":4}}},"fnMap":{"0":{"name":"(anonymous_0)","decl":{"start":{"line":11,"column":37},"end":{"line":11,"column":38}},"loc":{"start":{"line":11,"column":61},"end":{"line":32,"column":1}},"line":11},"1":{"name":"(anonymous_1)","decl":{"start":{"line":12,"column":23},"end":{"line":12,"column":24}},"loc":{"start":{"line":12,"column":53},"end":{"line":27,"column":3}},"line":12}},"branchMap":{"0":{"loc":{"start":{"line":23,"column":4},"end":{"line":24,"column":71}},"type":"binary-expr","locations":[{"start":{"line":23,"column":4},"end":{"line":23,"column":23}},{"start":{"line":24,"column":6},"end":{"line":24,"column":71}}],"line":23},"1":{"loc":{"start":{"line":26,"column":11},"end":{"line":26,"column":38}},"type":"binary-expr","locations":[{"start":{"line":26,"column":11},"end":{"line":26,"column":29}},{"start":{"line":26,"column":33},"end":{"line":26,"column":38}}],"line":26}},"s":{"0":7,"1":2,"2":2,"3":2,"4":2,"5":2,"6":2},"f":{"0":2,"1":2},"b":{"0":[2,0],"1":[2,0]},"_coverageSchema":"43e27e138ebf9cfc5966b082cf9a028302ed4184","hash":"0da134863ef726ae797e29471eec41600da841f8"}
,"/home/kraken33/develop/exmpl-project-frontend/src/components/form-controls/input/index.ts": {"path":"/home/kraken33/develop/exmpl-project-frontend/src/components/form-controls/input/index.ts","statementMap":{},"fnMap":{},"branchMap":{},"s":{},"f":{},"b":{},"_coverageSchema":"43e27e138ebf9cfc5966b082cf9a028302ed4184","hash":"003d01e51bedc045f479efc29845075a750e772b"}
,"/home/kraken33/develop/exmpl-project-frontend/src/components/form-controls/input/types.ts": {"path":"/home/kraken33/develop/exmpl-project-frontend/src/components/form-controls/input/types.ts","statementMap":{},"fnMap":{},"branchMap":{},"s":{},"f":{},"b":{},"hash":"f09ba00f454aa5be9042b129b05f8e57ab32369f"}
,"/home/kraken33/develop/exmpl-project-frontend/src/components/form-controls/input/view.tsx": {"path":"/home/kraken33/develop/exmpl-project-frontend/src/components/form-controls/input/view.tsx","statementMap":{"0":{"start":{"line":8,"column":21},"end":{"line":8,"column":26}},"1":{"start":{"line":10,"column":43},"end":{"line":27,"column":1}},"2":{"start":{"line":18,"column":2},"end":{"line":26,"column":4}}},"fnMap":{"0":{"name":"(anonymous_0)","decl":{"start":{"line":10,"column":43},"end":{"line":10,"column":44}},"loc":{"start":{"line":17,"column":6},"end":{"line":27,"column":1}},"line":17}},"branchMap":{"0":{"loc":{"start":{"line":20,"column":7},"end":{"line":24,"column":7}},"type":"cond-expr","locations":[{"start":{"line":21,"column":8},"end":{"line":21,"column":47}},{"start":{"line":23,"column":8},"end":{"line":23,"column":56}}],"line":20}},"s":{"0":8,"1":8,"2":1},"f":{"0":1},"b":{"0":[0,1]},"_coverageSchema":"43e27e138ebf9cfc5966b082cf9a028302ed4184","hash":"3fcdd956f10105a3b62b5f0e99ab145326f1953f"}
,"/home/kraken33/develop/exmpl-project-frontend/src/components/form-controls/switch/index.ts": {"path":"/home/kraken33/develop/exmpl-project-frontend/src/components/form-controls/switch/index.ts","statementMap":{},"fnMap":{},"branchMap":{},"s":{},"f":{},"b":{},"_coverageSchema":"43e27e138ebf9cfc5966b082cf9a028302ed4184","hash":"997b4918d7805a3312282bfdaa60b4972ed01b3f"}
,"/home/kraken33/develop/exmpl-project-frontend/src/components/form-controls/switch/types.ts": {"path":"/home/kraken33/develop/exmpl-project-frontend/src/components/form-controls/switch/types.ts","statementMap":{},"fnMap":{},"branchMap":{},"s":{},"f":{},"b":{},"hash":"3e5b15766b196147b3e6fbdced966215149dc7e4"}
,"/home/kraken33/develop/exmpl-project-frontend/src/components/form-controls/switch/view.tsx": {"path":"/home/kraken33/develop/exmpl-project-frontend/src/components/form-controls/switch/view.tsx","statementMap":{"0":{"start":{"line":7,"column":43},"end":{"line":25,"column":1}},"1":{"start":{"line":14,"column":39},"end":{"line":18,"column":3}},"2":{"start":{"line":20,"column":2},"end":{"line":24,"column":4}}},"fnMap":{"0":{"name":"(anonymous_0)","decl":{"start":{"line":7,"column":43},"end":{"line":7,"column":44}},"loc":{"start":{"line":13,"column":6},"end":{"line":25,"column":1}},"line":13}},"branchMap":{"0":{"loc":{"start":{"line":15,"column":11},"end":{"line":15,"column":41}},"type":"cond-expr","locations":[{"start":{"line":15,"column":22},"end":{"line":15,"column":33}},{"start":{"line":15,"column":36},"end":{"line":15,"column":41}}],"line":15},"1":{"loc":{"start":{"line":16,"column":20},"end":{"line":16,"column":69}},"type":"cond-expr","locations":[{"start":{"line":16,"column":50},"end":{"line":16,"column":57}},{"start":{"line":16,"column":60},"end":{"line":16,"column":69}}],"line":16},"2":{"loc":{"start":{"line":16,"column":20},"end":{"line":16,"column":47}},"type":"binary-expr","locations":[{"start":{"line":16,"column":20},"end":{"line":16,"column":32}},{"start":{"line":16,"column":36},"end":{"line":16,"column":47}}],"line":16},"3":{"loc":{"start":{"line":17,"column":10},"end":{"line":17,"column":56}},"type":"cond-expr","locations":[{"start":{"line":17,"column":39},"end":{"line":17,"column":49}},{"start":{"line":17,"column":52},"end":{"line":17,"column":56}}],"line":17},"4":{"loc":{"start":{"line":17,"column":10},"end":{"line":17,"column":36}},"type":"binary-expr","locations":[{"start":{"line":17,"column":10},"end":{"line":17,"column":22}},{"start":{"line":17,"column":26},"end":{"line":17,"column":36}}],"line":17}},"s":{"0":8,"1":1,"2":1},"f":{"0":1},"b":{"0":[0,1],"1":[0,1],"2":[1,0],"3":[0,1],"4":[1,0]},"_coverageSchema":"43e27e138ebf9cfc5966b082cf9a028302ed4184","hash":"c369781aa183ec338773b8ba5cf915c8d468bdd9"}
,"/home/kraken33/develop/exmpl-project-frontend/src/components/form-item/index.ts": {"path":"/home/kraken33/develop/exmpl-project-frontend/src/components/form-item/index.ts","statementMap":{},"fnMap":{},"branchMap":{},"s":{},"f":{},"b":{},"_coverageSchema":"43e27e138ebf9cfc5966b082cf9a028302ed4184","hash":"8eda6436bf08bee92306cec5647cf45fb9db829a"}
,"/home/kraken33/develop/exmpl-project-frontend/src/components/form-item/types.ts": {"path":"/home/kraken33/develop/exmpl-project-frontend/src/components/form-item/types.ts","statementMap":{},"fnMap":{},"branchMap":{},"s":{},"f":{},"b":{},"hash":"744c40e3c15013b3e78277829fbf4760e765eb02"}
,"/home/kraken33/develop/exmpl-project-frontend/src/components/form-item/view.tsx": {"path":"/home/kraken33/develop/exmpl-project-frontend/src/components/form-item/view.tsx","statementMap":{"0":{"start":{"line":7,"column":38},"end":{"line":22,"column":1}},"1":{"start":{"line":15,"column":39},"end":{"line":19,"column":3}},"2":{"start":{"line":21,"column":2},"end":{"line":21,"column":62}}},"fnMap":{"0":{"name":"(anonymous_0)","decl":{"start":{"line":7,"column":38},"end":{"line":7,"column":39}},"loc":{"start":{"line":14,"column":6},"end":{"line":22,"column":1}},"line":14}},"branchMap":{"0":{"loc":{"start":{"line":16,"column":11},"end":{"line":16,"column":41}},"type":"cond-expr","locations":[{"start":{"line":16,"column":22},"end":{"line":16,"column":33}},{"start":{"line":16,"column":36},"end":{"line":16,"column":41}}],"line":16},"1":{"loc":{"start":{"line":17,"column":20},"end":{"line":17,"column":59}},"type":"cond-expr","locations":[{"start":{"line":17,"column":40},"end":{"line":17,"column":47}},{"start":{"line":17,"column":50},"end":{"line":17,"column":59}}],"line":17},"2":{"loc":{"start":{"line":17,"column":20},"end":{"line":17,"column":37}},"type":"binary-expr","locations":[{"start":{"line":17,"column":20},"end":{"line":17,"column":27}},{"start":{"line":17,"column":31},"end":{"line":17,"column":37}}],"line":17},"3":{"loc":{"start":{"line":18,"column":10},"end":{"line":18,"column":41}},"type":"cond-expr","locations":[{"start":{"line":18,"column":29},"end":{"line":18,"column":34}},{"start":{"line":18,"column":37},"end":{"line":18,"column":41}}],"line":18},"4":{"loc":{"start":{"line":18,"column":10},"end":{"line":18,"column":26}},"type":"binary-expr","locations":[{"start":{"line":18,"column":10},"end":{"line":18,"column":17}},{"start":{"line":18,"column":21},"end":{"line":18,"column":26}}],"line":18}},"s":{"0":11,"1":2,"2":2},"f":{"0":2},"b":{"0":[0,2],"1":[1,1],"2":[2,1],"3":[1,1],"4":[2,1]},"_coverageSchema":"43e27e138ebf9cfc5966b082cf9a028302ed4184","hash":"d8c83b2059cbddd4e0bafb8747352bb7e9fd0de1"}
,"/home/kraken33/develop/exmpl-project-frontend/src/consts/api.ts": {"path":"/home/kraken33/develop/exmpl-project-frontend/src/consts/api.ts","statementMap":{"0":{"start":{"line":1,"column":27},"end":{"line":3,"column":1}}},"fnMap":{},"branchMap":{},"s":{"0":12},"f":{},"b":{},"_coverageSchema":"43e27e138ebf9cfc5966b082cf9a028302ed4184","hash":"7815b653793fd96c8d793ff154d263f51a9ad654"}
,"/home/kraken33/develop/exmpl-project-frontend/src/consts/app-config.ts": {"path":"/home/kraken33/develop/exmpl-project-frontend/src/consts/app-config.ts","statementMap":{"0":{"start":{"line":1,"column":17},"end":{"line":1,"column":34}},"1":{"start":{"line":2,"column":21},"end":{"line":2,"column":45}}},"fnMap":{},"branchMap":{},"s":{"0":12,"1":12},"f":{},"b":{},"_coverageSchema":"43e27e138ebf9cfc5966b082cf9a028302ed4184","hash":"0093d7dc7ca888b765738967c81325ff22a3afd7"}
,"/home/kraken33/develop/exmpl-project-frontend/src/consts/common.ts": {"path":"/home/kraken33/develop/exmpl-project-frontend/src/consts/common.ts","statementMap":{"0":{"start":{"line":1,"column":21},"end":{"line":1,"column":23}}},"fnMap":{},"branchMap":{},"s":{"0":12},"f":{},"b":{},"_coverageSchema":"43e27e138ebf9cfc5966b082cf9a028302ed4184","hash":"48aad1d90195587c4b85ccf16bc1a96c220395ce"}
,"/home/kraken33/develop/exmpl-project-frontend/src/consts/env.ts": {"path":"/home/kraken33/develop/exmpl-project-frontend/src/consts/env.ts","statementMap":{"0":{"start":{"line":1,"column":17},"end":{"line":5,"column":1}}},"fnMap":{},"branchMap":{},"s":{"0":12},"f":{},"b":{},"_coverageSchema":"43e27e138ebf9cfc5966b082cf9a028302ed4184","hash":"95c4780e6508fc09a21d0e20beb1a7efe97d7954"}
,"/home/kraken33/develop/exmpl-project-frontend/src/consts/index.ts": {"path":"/home/kraken33/develop/exmpl-project-frontend/src/consts/index.ts","statementMap":{},"fnMap":{},"branchMap":{},"s":{},"f":{},"b":{},"_coverageSchema":"43e27e138ebf9cfc5966b082cf9a028302ed4184","hash":"90123fbbad4d13ff4d42e923aa443481edc5ff09"}
,"/home/kraken33/develop/exmpl-project-frontend/src/consts/typeof.ts": {"path":"/home/kraken33/develop/exmpl-project-frontend/src/consts/typeof.ts","statementMap":{"0":{"start":{"line":1,"column":20},"end":{"line":3,"column":1}}},"fnMap":{},"branchMap":{},"s":{"0":12},"f":{},"b":{},"_coverageSchema":"43e27e138ebf9cfc5966b082cf9a028302ed4184","hash":"8b7669d45fe7b6b42be3549707a7435d4865cb3e"}
,"/home/kraken33/develop/exmpl-project-frontend/src/layouts/consts.ts": {"path":"/home/kraken33/develop/exmpl-project-frontend/src/layouts/consts.ts","statementMap":{},"fnMap":{},"branchMap":{},"s":{},"f":{},"b":{},"hash":"7a003519dfaf34b40ff6f133fa94f20073e244b9"}
,"/home/kraken33/develop/exmpl-project-frontend/src/layouts/index.ts": {"path":"/home/kraken33/develop/exmpl-project-frontend/src/layouts/index.ts","statementMap":{"0":{"start":{"line":5,"column":36},"end":{"line":8,"column":1}}},"fnMap":{},"branchMap":{},"s":{"0":7},"f":{},"b":{},"_coverageSchema":"43e27e138ebf9cfc5966b082cf9a028302ed4184","hash":"bb19ecf67508b41781b4a72626ed8bd03a73eb52"}
,"/home/kraken33/develop/exmpl-project-frontend/src/layouts/types.ts": {"path":"/home/kraken33/develop/exmpl-project-frontend/src/layouts/types.ts","statementMap":{},"fnMap":{},"branchMap":{},"s":{},"f":{},"b":{},"hash":"19a5b3b4e25d5596fc02a069a50288eb92135824"}
,"/home/kraken33/develop/exmpl-project-frontend/src/layouts/base/container.ts": {"path":"/home/kraken33/develop/exmpl-project-frontend/src/layouts/base/container.ts","statementMap":{"0":{"start":{"line":10,"column":39},"end":{"line":14,"column":2}},"1":{"start":{"line":10,"column":51},"end":{"line":14,"column":1}},"2":{"start":{"line":16,"column":26},"end":{"line":18,"column":1}},"3":{"start":{"line":20,"column":16},"end":{"line":22,"column":1}},"4":{"start":{"line":24,"column":18},"end":{"line":24,"column":36}}},"fnMap":{"0":{"name":"(anonymous_0)","decl":{"start":{"line":10,"column":39},"end":{"line":10,"column":40}},"loc":{"start":{"line":10,"column":51},"end":{"line":14,"column":1}},"line":10}},"branchMap":{},"s":{"0":8,"1":0,"2":8,"3":8,"4":8},"f":{"0":0},"b":{},"_coverageSchema":"43e27e138ebf9cfc5966b082cf9a028302ed4184","hash":"169fb52c8ece6090cbed032897714fb6e98591a1"}
,"/home/kraken33/develop/exmpl-project-frontend/src/layouts/base/index.ts": {"path":"/home/kraken33/develop/exmpl-project-frontend/src/layouts/base/index.ts","statementMap":{},"fnMap":{},"branchMap":{},"s":{},"f":{},"b":{},"_coverageSchema":"43e27e138ebf9cfc5966b082cf9a028302ed4184","hash":"33e247b78823b2c251f6d2592949e1db46fbf607"}
,"/home/kraken33/develop/exmpl-project-frontend/src/layouts/base/types.ts": {"path":"/home/kraken33/develop/exmpl-project-frontend/src/layouts/base/types.ts","statementMap":{},"fnMap":{},"branchMap":{},"s":{},"f":{},"b":{},"hash":"04452fa4532c5381421fd622d04cb149d8a133de"}
,"/home/kraken33/develop/exmpl-project-frontend/src/layouts/base/view.tsx": {"path":"/home/kraken33/develop/exmpl-project-frontend/src/layouts/base/view.tsx","statementMap":{"0":{"start":{"line":17,"column":43},"end":{"line":17,"column":49}},"1":{"start":{"line":19,"column":40},"end":{"line":80,"column":1}},"2":{"start":{"line":27,"column":19},"end":{"line":27,"column":31}},"3":{"start":{"line":29,"column":27},"end":{"line":31,"column":24}},"4":{"start":{"line":33,"column":21},"end":{"line":45,"column":4}},"5":{"start":{"line":35,"column":17},"end":{"line":35,"column":28}},"6":{"start":{"line":36,"column":4},"end":{"line":44,"column":6}},"7":{"start":{"line":47,"column":2},"end":{"line":79,"column":4}}},"fnMap":{"0":{"name":"(anonymous_0)","decl":{"start":{"line":19,"column":40},"end":{"line":19,"column":41}},"loc":{"start":{"line":26,"column":6},"end":{"line":80,"column":1}},"line":26},"1":{"name":"(anonymous_1)","decl":{"start":{"line":33,"column":25},"end":{"line":33,"column":26}},"loc":{"start":{"line":33,"column":52},"end":{"line":45,"column":3}},"line":33}},"branchMap":{"0":{"loc":{"start":{"line":39,"column":14},"end":{"line":39,"column":36}},"type":"cond-expr","locations":[{"start":{"line":39,"column":21},"end":{"line":39,"column":29}},{"start":{"line":39,"column":32},"end":{"line":39,"column":36}}],"line":39}},"s":{"0":8,"1":8,"2":2,"3":2,"4":2,"5":0,"6":0,"7":2},"f":{"0":2,"1":0},"b":{"0":[0,0]},"_coverageSchema":"43e27e138ebf9cfc5966b082cf9a028302ed4184","hash":"37106bb32f15a9bee1a11523383074e237a47508"}
,"/home/kraken33/develop/exmpl-project-frontend/src/layouts/empty/index.ts": {"path":"/home/kraken33/develop/exmpl-project-frontend/src/layouts/empty/index.ts","statementMap":{},"fnMap":{},"branchMap":{},"s":{},"f":{},"b":{},"_coverageSchema":"43e27e138ebf9cfc5966b082cf9a028302ed4184","hash":"a619420de4f99b8be9848f4dbb8b38ec5e6e93c3"}
,"/home/kraken33/develop/exmpl-project-frontend/src/layouts/empty/view.tsx": {"path":"/home/kraken33/develop/exmpl-project-frontend/src/layouts/empty/view.tsx","statementMap":{"0":{"start":{"line":3,"column":23},"end":{"line":3,"column":62}},"1":{"start":{"line":3,"column":41},"end":{"line":3,"column":62}}},"fnMap":{"0":{"name":"(anonymous_0)","decl":{"start":{"line":3,"column":23},"end":{"line":3,"column":24}},"loc":{"start":{"line":3,"column":41},"end":{"line":3,"column":62}},"line":3}},"branchMap":{},"s":{"0":8,"1":1},"f":{"0":1},"b":{},"_coverageSchema":"43e27e138ebf9cfc5966b082cf9a028302ed4184","hash":"602ca87a203d88439377477135f7ebcdc08b2c2b"}
,"/home/kraken33/develop/exmpl-project-frontend/src/pages/api/container.ts": {"path":"/home/kraken33/develop/exmpl-project-frontend/src/pages/api/container.ts","statementMap":{"0":{"start":{"line":9,"column":16},"end":{"line":14,"column":1}},"1":{"start":{"line":16,"column":18},"end":{"line":16,"column":36}}},"fnMap":{},"branchMap":{},"s":{"0":6,"1":6},"f":{},"b":{},"_coverageSchema":"43e27e138ebf9cfc5966b082cf9a028302ed4184","hash":"a4615b69968495057707f4134e9192f69d1ba9e0"}
,"/home/kraken33/develop/exmpl-project-frontend/src/pages/api/index.ts": {"path":"/home/kraken33/develop/exmpl-project-frontend/src/pages/api/index.ts","statementMap":{},"fnMap":{},"branchMap":{},"s":{},"f":{},"b":{},"_coverageSchema":"43e27e138ebf9cfc5966b082cf9a028302ed4184","hash":"d4af18905b4abf6382ecb09661a3edb8c386fe87"}
,"/home/kraken33/develop/exmpl-project-frontend/src/pages/api/types.ts": {"path":"/home/kraken33/develop/exmpl-project-frontend/src/pages/api/types.ts","statementMap":{},"fnMap":{},"branchMap":{},"s":{},"f":{},"b":{},"_coverageSchema":"43e27e138ebf9cfc5966b082cf9a028302ed4184","hash":"7a4e5a6013c57cecc32b2dc4c0b5fe53179f15f5"}
,"/home/kraken33/develop/exmpl-project-frontend/src/pages/api/view.tsx": {"path":"/home/kraken33/develop/exmpl-project-frontend/src/pages/api/view.tsx","statementMap":{"0":{"start":{"line":19,"column":21},"end":{"line":19,"column":31}},"1":{"start":{"line":20,"column":20},"end":{"line":20,"column":24}},"2":{"start":{"line":22,"column":40},"end":{"line":162,"column":1}},"3":{"start":{"line":23,"column":51},"end":{"line":28,"column":3}},"4":{"start":{"line":30,"column":28},"end":{"line":36,"column":4}},"5":{"start":{"line":43,"column":6},"end":{"line":43,"column":10}},"6":{"start":{"line":45,"column":45},"end":{"line":54,"column":3}},"7":{"start":{"line":55,"column":22},"end":{"line":55,"column":37}},"8":{"start":{"line":57,"column":23},"end":{"line":65,"column":4}},"9":{"start":{"line":57,"column":79},"end":{"line":65,"column":3}},"10":{"start":{"line":60,"column":6},"end":{"line":63,"column":9}},"11":{"start":{"line":67,"column":28},"end":{"line":77,"column":4}},"12":{"start":{"line":69,"column":62},"end":{"line":77,"column":3}},"13":{"start":{"line":75,"column":6},"end":{"line":75,"column":44}},"14":{"start":{"line":79,"column":22},"end":{"line":97,"column":3}},"15":{"start":{"line":80,"column":4},"end":{"line":96,"column":5}},"16":{"start":{"line":81,"column":34},"end":{"line":81,"column":39}},"17":{"start":{"line":82,"column":19},"end":{"line":82,"column":59}},"18":{"start":{"line":85,"column":23},"end":{"line":91,"column":8}},"19":{"start":{"line":93,"column":6},"end":{"line":93,"column":39}},"20":{"start":{"line":95,"column":6},"end":{"line":95,"column":42}},"21":{"start":{"line":99,"column":33},"end":{"line":103,"column":4}},"22":{"start":{"line":100,"column":4},"end":{"line":102,"column":14}},"23":{"start":{"line":105,"column":30},"end":{"line":109,"column":4}},"24":{"start":{"line":106,"column":4},"end":{"line":108,"column":20}},"25":{"start":{"line":111,"column":2},"end":{"line":161,"column":4}},"26":{"start":{"line":135,"column":18},"end":{"line":135,"column":76}}},"fnMap":{"0":{"name":"(anonymous_0)","decl":{"start":{"line":22,"column":40},"end":{"line":22,"column":41}},"loc":{"start":{"line":22,"column":62},"end":{"line":162,"column":1}},"line":22},"1":{"name":"(anonymous_1)","decl":{"start":{"line":57,"column":23},"end":{"line":57,"column":24}},"loc":{"start":{"line":57,"column":79},"end":{"line":65,"column":3}},"line":57},"2":{"name":"(anonymous_2)","decl":{"start":{"line":59,"column":14},"end":{"line":59,"column":15}},"loc":{"start":{"line":59,"column":26},"end":{"line":64,"column":5}},"line":59},"3":{"name":"(anonymous_3)","decl":{"start":{"line":67,"column":28},"end":{"line":67,"column":29}},"loc":{"start":{"line":69,"column":62},"end":{"line":77,"column":3}},"line":69},"4":{"name":"(anonymous_4)","decl":{"start":{"line":74,"column":20},"end":{"line":74,"column":21}},"loc":{"start":{"line":74,"column":56},"end":{"line":76,"column":5}},"line":74},"5":{"name":"(anonymous_5)","decl":{"start":{"line":79,"column":22},"end":{"line":79,"column":23}},"loc":{"start":{"line":79,"column":34},"end":{"line":97,"column":3}},"line":79},"6":{"name":"(anonymous_6)","decl":{"start":{"line":99,"column":37},"end":{"line":99,"column":38}},"loc":{"start":{"line":100,"column":4},"end":{"line":102,"column":14}},"line":100},"7":{"name":"(anonymous_7)","decl":{"start":{"line":105,"column":34},"end":{"line":105,"column":35}},"loc":{"start":{"line":106,"column":4},"end":{"line":108,"column":20}},"line":106},"8":{"name":"(anonymous_8)","decl":{"start":{"line":134,"column":28},"end":{"line":134,"column":29}},"loc":{"start":{"line":135,"column":18},"end":{"line":135,"column":76}},"line":135}},"branchMap":{"0":{"loc":{"start":{"line":82,"column":19},"end":{"line":82,"column":59}},"type":"cond-expr","locations":[{"start":{"line":82,"column":32},"end":{"line":82,"column":54}},{"start":{"line":82,"column":57},"end":{"line":82,"column":59}}],"line":82}},"s":{"0":6,"1":6,"2":6,"3":1,"4":1,"5":1,"6":1,"7":1,"8":1,"9":2,"10":0,"11":1,"12":2,"13":0,"14":1,"15":0,"16":0,"17":0,"18":0,"19":0,"20":0,"21":1,"22":2,"23":1,"24":4,"25":1,"26":1},"f":{"0":1,"1":2,"2":0,"3":2,"4":0,"5":0,"6":2,"7":4,"8":1},"b":{"0":[0,0]},"_coverageSchema":"43e27e138ebf9cfc5966b082cf9a028302ed4184","hash":"4e1125eea4e8a3595316fc097e277b42ec0a3795"}
,"/home/kraken33/develop/exmpl-project-frontend/src/pages/home/container.ts": {"path":"/home/kraken33/develop/exmpl-project-frontend/src/pages/home/container.ts","statementMap":{"0":{"start":{"line":3,"column":18},"end":{"line":3,"column":27}}},"fnMap":{},"branchMap":{},"s":{"0":6},"f":{},"b":{},"_coverageSchema":"43e27e138ebf9cfc5966b082cf9a028302ed4184","hash":"cabfb42642e76520188607f65d4ae853f85a1209"}
,"/home/kraken33/develop/exmpl-project-frontend/src/pages/home/index.ts": {"path":"/home/kraken33/develop/exmpl-project-frontend/src/pages/home/index.ts","statementMap":{},"fnMap":{},"branchMap":{},"s":{},"f":{},"b":{},"_coverageSchema":"43e27e138ebf9cfc5966b082cf9a028302ed4184","hash":"a45f1c4cae35255a86e8107c0abae235e6230a19"}
,"/home/kraken33/develop/exmpl-project-frontend/src/pages/home/view.tsx": {"path":"/home/kraken33/develop/exmpl-project-frontend/src/pages/home/view.tsx","statementMap":{"0":{"start":{"line":4,"column":37},"end":{"line":8,"column":1}},"1":{"start":{"line":5,"column":22},"end":{"line":5,"column":31}},"2":{"start":{"line":7,"column":2},"end":{"line":7,"column":59}}},"fnMap":{"0":{"name":"(anonymous_0)","decl":{"start":{"line":4,"column":37},"end":{"line":4,"column":38}},"loc":{"start":{"line":4,"column":43},"end":{"line":8,"column":1}},"line":4}},"branchMap":{},"s":{"0":7,"1":1,"2":1},"f":{"0":1},"b":{},"_coverageSchema":"43e27e138ebf9cfc5966b082cf9a028302ed4184","hash":"9b17c3aeb6e54c4128487628253dd65290d2c79d"}
,"/home/kraken33/develop/exmpl-project-frontend/src/pages/login/consts.ts": {"path":"/home/kraken33/develop/exmpl-project-frontend/src/pages/login/consts.ts","statementMap":{"0":{"start":{"line":7,"column":17},"end":{"line":7,"column":24}}},"fnMap":{},"branchMap":{},"s":{"0":6},"f":{},"b":{},"_coverageSchema":"43e27e138ebf9cfc5966b082cf9a028302ed4184","hash":"9a3cd7894150b445328700870ebdcf25f2c9d19f"}
,"/home/kraken33/develop/exmpl-project-frontend/src/pages/login/container.ts": {"path":"/home/kraken33/develop/exmpl-project-frontend/src/pages/login/container.ts","statementMap":{"0":{"start":{"line":13,"column":25},"end":{"line":13,"column":32}},"1":{"start":{"line":15,"column":31},"end":{"line":17,"column":1}},"2":{"start":{"line":19,"column":16},"end":{"line":30,"column":1}},"3":{"start":{"line":32,"column":18},"end":{"line":32,"column":36}}},"fnMap":{},"branchMap":{},"s":{"0":6,"1":0,"2":0,"3":0},"f":{},"b":{},"_coverageSchema":"43e27e138ebf9cfc5966b082cf9a028302ed4184","hash":"deb3b8f598b82cb94c093995eefe57baa6613c5b"}
,"/home/kraken33/develop/exmpl-project-frontend/src/pages/login/index.ts": {"path":"/home/kraken33/develop/exmpl-project-frontend/src/pages/login/index.ts","statementMap":{},"fnMap":{},"branchMap":{},"s":{},"f":{},"b":{},"_coverageSchema":"43e27e138ebf9cfc5966b082cf9a028302ed4184","hash":"4b75ceae83ceed5cdf9b77dbfc048ac5b1ece938"}
,"/home/kraken33/develop/exmpl-project-frontend/src/pages/login/types.ts": {"path":"/home/kraken33/develop/exmpl-project-frontend/src/pages/login/types.ts","statementMap":{},"fnMap":{},"branchMap":{},"s":{},"f":{},"b":{},"hash":"e987aedaa6be6ebefb70352cdaf0bd8ec47a9701"}
,"/home/kraken33/develop/exmpl-project-frontend/src/pages/login/view.tsx": {"path":"/home/kraken33/develop/exmpl-project-frontend/src/pages/login/view.tsx","statementMap":{"0":{"start":{"line":15,"column":40},"end":{"line":64,"column":1}},"1":{"start":{"line":20,"column":2},"end":{"line":63,"column":4}}},"fnMap":{"0":{"name":"(anonymous_0)","decl":{"start":{"line":15,"column":40},"end":{"line":15,"column":41}},"loc":{"start":{"line":19,"column":6},"end":{"line":64,"column":1}},"line":19}},"branchMap":{},"s":{"0":6,"1":2},"f":{"0":2},"b":{},"_coverageSchema":"43e27e138ebf9cfc5966b082cf9a028302ed4184","hash":"d5ab90cb35e74673155044c1246861ab04ad7d75"}
,"/home/kraken33/develop/exmpl-project-frontend/src/routes/consts.ts": {"path":"/home/kraken33/develop/exmpl-project-frontend/src/routes/consts.ts","statementMap":{"0":{"start":{"line":1,"column":18},"end":{"line":1,"column":21}}},"fnMap":{},"branchMap":{},"s":{"0":6},"f":{},"b":{},"_coverageSchema":"43e27e138ebf9cfc5966b082cf9a028302ed4184","hash":"87b793c47785675242c7d71574dc3d8fd9209301"}
,"/home/kraken33/develop/exmpl-project-frontend/src/routes/history.ts": {"path":"/home/kraken33/develop/exmpl-project-frontend/src/routes/history.ts","statementMap":{"0":{"start":{"line":5,"column":16},"end":{"line":5,"column":61}}},"fnMap":{},"branchMap":{},"s":{"0":6},"f":{},"b":{},"_coverageSchema":"43e27e138ebf9cfc5966b082cf9a028302ed4184","hash":"92dab32f688532ae2d87f48e0643b7aad6b00f7a"}
,"/home/kraken33/develop/exmpl-project-frontend/src/routes/index.ts": {"path":"/home/kraken33/develop/exmpl-project-frontend/src/routes/index.ts","statementMap":{"0":{"start":{"line":6,"column":16},"end":{"line":8,"column":1}}},"fnMap":{},"branchMap":{},"s":{"0":6},"f":{},"b":{},"_coverageSchema":"43e27e138ebf9cfc5966b082cf9a028302ed4184","hash":"d59d0d43743107e7c669c9f97564bcf020d83562"}
,"/home/kraken33/develop/exmpl-project-frontend/src/routes/router.tsx": {"path":"/home/kraken33/develop/exmpl-project-frontend/src/routes/router.tsx","statementMap":{"0":{"start":{"line":16,"column":25},"end":{"line":16,"column":27}},"1":{"start":{"line":18,"column":20},"end":{"line":28,"column":1}},"2":{"start":{"line":21,"column":27},"end":{"line":21,"column":32}},"3":{"start":{"line":23,"column":2},"end":{"line":27,"column":4}},"4":{"start":{"line":25,"column":10},"end":{"line":25,"column":17}},"5":{"start":{"line":26,"column":10},"end":{"line":26,"column":26}},"6":{"start":{"line":30,"column":20},"end":{"line":61,"column":1}},"7":{"start":{"line":36,"column":15},"end":{"line":36,"column":19}},"8":{"start":{"line":40,"column":16},"end":{"line":58,"column":3}},"9":{"start":{"line":49,"column":37},"end":{"line":49,"column":74}},"10":{"start":{"line":49,"column":54},"end":{"line":49,"column":74}},"11":{"start":{"line":50,"column":37},"end":{"line":50,"column":66}},"12":{"start":{"line":50,"column":54},"end":{"line":50,"column":66}},"13":{"start":{"line":51,"column":36},"end":{"line":54,"column":7}},"14":{"start":{"line":56,"column":6},"end":{"line":56,"column":62}},"15":{"start":{"line":59,"column":2},"end":{"line":59,"column":28}},"16":{"start":{"line":60,"column":2},"end":{"line":60,"column":15}},"17":{"start":{"line":63,"column":29},"end":{"line":71,"column":6}},"18":{"start":{"line":64,"column":2},"end":{"line":71,"column":6}},"19":{"start":{"line":73,"column":20},"end":{"line":87,"column":2}},"20":{"start":{"line":74,"column":79},"end":{"line":74,"column":84}},"21":{"start":{"line":76,"column":2},"end":{"line":86,"column":4}},"22":{"start":{"line":80,"column":8},"end":{"line":82,"column":17}},"23":{"start":{"line":89,"column":16},"end":{"line":92,"column":50}},"24":{"start":{"line":92,"column":13},"end":{"line":92,"column":50}}},"fnMap":{"0":{"name":"(anonymous_0)","decl":{"start":{"line":18,"column":20},"end":{"line":18,"column":21}},"loc":{"start":{"line":22,"column":11},"end":{"line":28,"column":1}},"line":22},"1":{"name":"(anonymous_1)","decl":{"start":{"line":21,"column":21},"end":{"line":21,"column":22}},"loc":{"start":{"line":21,"column":27},"end":{"line":21,"column":32}},"line":21},"2":{"name":"(anonymous_2)","decl":{"start":{"line":25,"column":4},"end":{"line":25,"column":5}},"loc":{"start":{"line":25,"column":10},"end":{"line":25,"column":17}},"line":25},"3":{"name":"(anonymous_3)","decl":{"start":{"line":26,"column":4},"end":{"line":26,"column":5}},"loc":{"start":{"line":26,"column":10},"end":{"line":26,"column":26}},"line":26},"4":{"name":"(anonymous_4)","decl":{"start":{"line":30,"column":20},"end":{"line":30,"column":21}},"loc":{"start":{"line":39,"column":28},"end":{"line":61,"column":1}},"line":39},"5":{"name":"(anonymous_5)","decl":{"start":{"line":36,"column":9},"end":{"line":36,"column":10}},"loc":{"start":{"line":36,"column":15},"end":{"line":36,"column":19}},"line":36},"6":{"name":"(anonymous_6)","decl":{"start":{"line":48,"column":25},"end":{"line":48,"column":26}},"loc":{"start":{"line":48,"column":44},"end":{"line":57,"column":5}},"line":48},"7":{"name":"(anonymous_7)","decl":{"start":{"line":49,"column":37},"end":{"line":49,"column":38}},"loc":{"start":{"line":49,"column":54},"end":{"line":49,"column":74}},"line":49},"8":{"name":"(anonymous_8)","decl":{"start":{"line":50,"column":37},"end":{"line":50,"column":38}},"loc":{"start":{"line":50,"column":54},"end":{"line":50,"column":66}},"line":50},"9":{"name":"(anonymous_9)","decl":{"start":{"line":63,"column":29},"end":{"line":63,"column":30}},"loc":{"start":{"line":64,"column":2},"end":{"line":71,"column":6}},"line":64},"10":{"name":"(anonymous_10)","decl":{"start":{"line":73,"column":24},"end":{"line":73,"column":25}},"loc":{"start":{"line":73,"column":60},"end":{"line":87,"column":1}},"line":73},"11":{"name":"(anonymous_11)","decl":{"start":{"line":79,"column":14},"end":{"line":79,"column":15}},"loc":{"start":{"line":80,"column":8},"end":{"line":82,"column":17}},"line":80},"12":{"name":"(anonymous_12)","decl":{"start":{"line":89,"column":16},"end":{"line":89,"column":17}},"loc":{"start":{"line":92,"column":13},"end":{"line":92,"column":50}},"line":92}},"branchMap":{"0":{"loc":{"start":{"line":21,"column":2},"end":{"line":21,"column":32}},"type":"default-arg","locations":[{"start":{"line":21,"column":21},"end":{"line":21,"column":32}}],"line":21},"1":{"loc":{"start":{"line":34,"column":2},"end":{"line":34,"column":13}},"type":"default-arg","locations":[{"start":{"line":34,"column":11},"end":{"line":34,"column":13}}],"line":34},"2":{"loc":{"start":{"line":36,"column":2},"end":{"line":36,"column":19}},"type":"default-arg","locations":[{"start":{"line":36,"column":9},"end":{"line":36,"column":19}}],"line":36},"3":{"loc":{"start":{"line":37,"column":2},"end":{"line":37,"column":14}},"type":"default-arg","locations":[{"start":{"line":37,"column":10},"end":{"line":37,"column":14}}],"line":37},"4":{"loc":{"start":{"line":56,"column":20},"end":{"line":56,"column":53}},"type":"binary-expr","locations":[{"start":{"line":56,"column":20},"end":{"line":56,"column":30}},{"start":{"line":56,"column":34},"end":{"line":56,"column":53}}],"line":56},"5":{"loc":{"start":{"line":64,"column":2},"end":{"line":71,"column":6}},"type":"cond-expr","locations":[{"start":{"line":65,"column":6},"end":{"line":65,"column":11}},{"start":{"line":66,"column":6},"end":{"line":71,"column":6}}],"line":64},"6":{"loc":{"start":{"line":74,"column":18},"end":{"line":74,"column":53}},"type":"default-arg","locations":[{"start":{"line":74,"column":27},"end":{"line":74,"column":53}}],"line":74}},"s":{"0":7,"1":7,"2":18,"3":18,"4":0,"5":18,"6":7,"7":2,"8":18,"9":0,"10":0,"11":0,"12":0,"13":0,"14":0,"15":18,"16":18,"17":7,"18":18,"19":7,"20":18,"21":18,"22":0,"23":7,"24":2},"f":{"0":18,"1":18,"2":0,"3":18,"4":18,"5":2,"6":0,"7":0,"8":0,"9":18,"10":18,"11":0,"12":2},"b":{"0":[18],"1":[12],"2":[18],"3":[18],"4":[0,0],"5":[6,12],"6":[0]},"_coverageSchema":"43e27e138ebf9cfc5966b082cf9a028302ed4184","hash":"a3a3e522029a06e57065c70ae05ff8954e8e0a22"}
,"/home/kraken33/develop/exmpl-project-frontend/src/routes/routes-tree.ts": {"path":"/home/kraken33/develop/exmpl-project-frontend/src/routes/routes-tree.ts","statementMap":{"0":{"start":{"line":5,"column":23},"end":{"line":23,"column":1}}},"fnMap":{},"branchMap":{},"s":{"0":6},"f":{},"b":{},"_coverageSchema":"43e27e138ebf9cfc5966b082cf9a028302ed4184","hash":"53ab11cfed15b522284c2ac1d4138c36ff01bbb4"}
,"/home/kraken33/develop/exmpl-project-frontend/src/routes/types.ts": {"path":"/home/kraken33/develop/exmpl-project-frontend/src/routes/types.ts","statementMap":{},"fnMap":{},"branchMap":{},"s":{},"f":{},"b":{},"hash":"587bde2ee4e5682907c235cc17c40cb20cf5d785"}
,"/home/kraken33/develop/exmpl-project-frontend/src/services/index.ts": {"path":"/home/kraken33/develop/exmpl-project-frontend/src/services/index.ts","statementMap":{},"fnMap":{},"branchMap":{},"s":{},"f":{},"b":{},"_coverageSchema":"43e27e138ebf9cfc5966b082cf9a028302ed4184","hash":"0b18001a3c42b9b4d4b1ed5d875e9323e68d7661"}
,"/home/kraken33/develop/exmpl-project-frontend/src/services/api/index.ts": {"path":"/home/kraken33/develop/exmpl-project-frontend/src/services/api/index.ts","statementMap":{"0":{"start":{"line":5,"column":18},"end":{"line":8,"column":1}}},"fnMap":{},"branchMap":{},"s":{"0":6},"f":{},"b":{},"_coverageSchema":"43e27e138ebf9cfc5966b082cf9a028302ed4184","hash":"55184b07150a83ea3f582ff8d7ccec8d911cf22c"}
,"/home/kraken33/develop/exmpl-project-frontend/src/services/api/routes.ts": {"path":"/home/kraken33/develop/exmpl-project-frontend/src/services/api/routes.ts","statementMap":{"0":{"start":{"line":3,"column":23},"end":{"line":7,"column":1}},"1":{"start":{"line":4,"column":17},"end":{"line":4,"column":27}},"2":{"start":{"line":5,"column":15},"end":{"line":5,"column":23}},"3":{"start":{"line":6,"column":16},"end":{"line":6,"column":25}}},"fnMap":{"0":{"name":"(anonymous_0)","decl":{"start":{"line":4,"column":11},"end":{"line":4,"column":12}},"loc":{"start":{"line":4,"column":17},"end":{"line":4,"column":27}},"line":4},"1":{"name":"(anonymous_1)","decl":{"start":{"line":5,"column":9},"end":{"line":5,"column":10}},"loc":{"start":{"line":5,"column":15},"end":{"line":5,"column":23}},"line":5},"2":{"name":"(anonymous_2)","decl":{"start":{"line":6,"column":10},"end":{"line":6,"column":11}},"loc":{"start":{"line":6,"column":16},"end":{"line":6,"column":25}},"line":6}},"branchMap":{},"s":{"0":7,"1":3,"2":3,"3":3},"f":{"0":3,"1":3,"2":3},"b":{},"_coverageSchema":"43e27e138ebf9cfc5966b082cf9a028302ed4184","hash":"28264090efa0361d7f630a8d8307a5fe4dc4cdb9"}
,"/home/kraken33/develop/exmpl-project-frontend/src/services/api/types.ts": {"path":"/home/kraken33/develop/exmpl-project-frontend/src/services/api/types.ts","statementMap":{},"fnMap":{},"branchMap":{},"s":{},"f":{},"b":{},"hash":"aa09c01138aab747f5c398b21e14c61a8250acdb"}
,"/home/kraken33/develop/exmpl-project-frontend/src/services/api/account/index.ts": {"path":"/home/kraken33/develop/exmpl-project-frontend/src/services/api/account/index.ts","statementMap":{},"fnMap":{},"branchMap":{},"s":{},"f":{},"b":{},"_coverageSchema":"43e27e138ebf9cfc5966b082cf9a028302ed4184","hash":"148e406f9003afd4261a47c1d1a3daea8f3025a7"}
,"/home/kraken33/develop/exmpl-project-frontend/src/services/api/account/requests.ts": {"path":"/home/kraken33/develop/exmpl-project-frontend/src/services/api/account/requests.ts","statementMap":{"0":{"start":{"line":6,"column":34},"end":{"line":8,"column":1}},"1":{"start":{"line":7,"column":14},"end":{"line":7,"column":40}}},"fnMap":{"0":{"name":"(anonymous_0)","decl":{"start":{"line":7,"column":8},"end":{"line":7,"column":9}},"loc":{"start":{"line":7,"column":14},"end":{"line":7,"column":40}},"line":7}},"branchMap":{},"s":{"0":6,"1":1},"f":{"0":1},"b":{},"_coverageSchema":"43e27e138ebf9cfc5966b082cf9a028302ed4184","hash":"2eb69b4e627b25a1f5dd5daa1e9a5a23b3dd79c5"}
,"/home/kraken33/develop/exmpl-project-frontend/src/services/api/account/types.ts": {"path":"/home/kraken33/develop/exmpl-project-frontend/src/services/api/account/types.ts","statementMap":{},"fnMap":{},"branchMap":{},"s":{},"f":{},"b":{},"hash":"6727f2e2a1721dd8dcb86db73cadbcd70976652b"}
,"/home/kraken33/develop/exmpl-project-frontend/src/services/api/authenticate/index.ts": {"path":"/home/kraken33/develop/exmpl-project-frontend/src/services/api/authenticate/index.ts","statementMap":{},"fnMap":{},"branchMap":{},"s":{},"f":{},"b":{},"_coverageSchema":"43e27e138ebf9cfc5966b082cf9a028302ed4184","hash":"49fc3b3725f95c1d68b64c672f278e73e4da084a"}
,"/home/kraken33/develop/exmpl-project-frontend/src/services/api/authenticate/requests.ts": {"path":"/home/kraken33/develop/exmpl-project-frontend/src/services/api/authenticate/requests.ts","statementMap":{"0":{"start":{"line":6,"column":45},"end":{"line":9,"column":1}},"1":{"start":{"line":7,"column":25},"end":{"line":7,"column":62}},"2":{"start":{"line":8,"column":26},"end":{"line":8,"column":64}}},"fnMap":{"0":{"name":"(anonymous_0)","decl":{"start":{"line":7,"column":9},"end":{"line":7,"column":10}},"loc":{"start":{"line":7,"column":25},"end":{"line":7,"column":62}},"line":7},"1":{"name":"(anonymous_1)","decl":{"start":{"line":8,"column":10},"end":{"line":8,"column":11}},"loc":{"start":{"line":8,"column":26},"end":{"line":8,"column":64}},"line":8}},"branchMap":{},"s":{"0":6,"1":1,"2":1},"f":{"0":1,"1":1},"b":{},"_coverageSchema":"43e27e138ebf9cfc5966b082cf9a028302ed4184","hash":"1e403bdd4ff512fb90faeb371d7184a10f53416f"}
,"/home/kraken33/develop/exmpl-project-frontend/src/services/api/authenticate/types.ts": {"path":"/home/kraken33/develop/exmpl-project-frontend/src/services/api/authenticate/types.ts","statementMap":{},"fnMap":{},"branchMap":{},"s":{},"f":{},"b":{},"hash":"370bf85afaf1ac4d617ed62f4c150855f818674f"}
,"/home/kraken33/develop/exmpl-project-frontend/src/services/http/index.tsx": {"path":"/home/kraken33/develop/exmpl-project-frontend/src/services/http/index.tsx","statementMap":{"0":{"start":{"line":6,"column":28},"end":{"line":13,"column":2}},"1":{"start":{"line":15,"column":0},"end":{"line":15,"column":50}},"2":{"start":{"line":17,"column":0},"end":{"line":22,"column":2}},"3":{"start":{"line":18,"column":51},"end":{"line":18,"column":64}},"4":{"start":{"line":20,"column":4},"end":{"line":20,"column":16}}},"fnMap":{"0":{"name":"(anonymous_0)","decl":{"start":{"line":18,"column":2},"end":{"line":18,"column":3}},"loc":{"start":{"line":18,"column":51},"end":{"line":18,"column":64}},"line":18},"1":{"name":"(anonymous_1)","decl":{"start":{"line":19,"column":2},"end":{"line":19,"column":3}},"loc":{"start":{"line":19,"column":32},"end":{"line":21,"column":3}},"line":19}},"branchMap":{},"s":{"0":6,"1":6,"2":6,"3":0,"4":0},"f":{"0":0,"1":0},"b":{},"_coverageSchema":"43e27e138ebf9cfc5966b082cf9a028302ed4184","hash":"3d73c46409649a666dbcc4f8263c4177109a3b42"}
,"/home/kraken33/develop/exmpl-project-frontend/src/services/http/interceptor.ts": {"path":"/home/kraken33/develop/exmpl-project-frontend/src/services/http/interceptor.ts","statementMap":{"0":{"start":{"line":5,"column":27},"end":{"line":18,"column":1}},"1":{"start":{"line":6,"column":20},"end":{"line":6,"column":66}},"2":{"start":{"line":7,"column":26},"end":{"line":9,"column":3}},"3":{"start":{"line":8,"column":4},"end":{"line":8,"column":38}},"4":{"start":{"line":10,"column":33},"end":{"line":12,"column":3}},"5":{"start":{"line":11,"column":4},"end":{"line":11,"column":45}},"6":{"start":{"line":14,"column":2},"end":{"line":14,"column":34}},"7":{"start":{"line":15,"column":2},"end":{"line":15,"column":53}},"8":{"start":{"line":17,"column":2},"end":{"line":17,"column":16}}},"fnMap":{"0":{"name":"(anonymous_0)","decl":{"start":{"line":5,"column":27},"end":{"line":5,"column":28}},"loc":{"start":{"line":5,"column":79},"end":{"line":18,"column":1}},"line":5},"1":{"name":"(anonymous_1)","decl":{"start":{"line":7,"column":26},"end":{"line":7,"column":27}},"loc":{"start":{"line":7,"column":45},"end":{"line":9,"column":3}},"line":7},"2":{"name":"(anonymous_2)","decl":{"start":{"line":10,"column":33},"end":{"line":10,"column":34}},"loc":{"start":{"line":10,"column":39},"end":{"line":12,"column":3}},"line":10}},"branchMap":{"0":{"loc":{"start":{"line":14,"column":2},"end":{"line":14,"column":33}},"type":"binary-expr","locations":[{"start":{"line":14,"column":2},"end":{"line":14,"column":7}},{"start":{"line":14,"column":11},"end":{"line":14,"column":33}}],"line":14},"1":{"loc":{"start":{"line":15,"column":2},"end":{"line":15,"column":52}},"type":"binary-expr","locations":[{"start":{"line":15,"column":2},"end":{"line":15,"column":24}},{"start":{"line":15,"column":28},"end":{"line":15,"column":52}}],"line":15}},"s":{"0":7,"1":2,"2":2,"3":2,"4":2,"5":2,"6":2,"7":2,"8":2},"f":{"0":2,"1":2,"2":2},"b":{"0":[2,2],"1":[2,2]},"_coverageSchema":"43e27e138ebf9cfc5966b082cf9a028302ed4184","hash":"90c3e4d2b744d19caf00e75a112767524b780e1d"}
,"/home/kraken33/develop/exmpl-project-frontend/src/services/intl/actions.ts": {"path":"/home/kraken33/develop/exmpl-project-frontend/src/services/intl/actions.ts","statementMap":{"0":{"start":{"line":4,"column":17},"end":{"line":4,"column":69}},"1":{"start":{"line":4,"column":32},"end":{"line":4,"column":69}},"2":{"start":{"line":5,"column":16},"end":{"line":6,"column":38}},"3":{"start":{"line":6,"column":2},"end":{"line":6,"column":38}}},"fnMap":{"0":{"name":"(anonymous_0)","decl":{"start":{"line":4,"column":17},"end":{"line":4,"column":18}},"loc":{"start":{"line":4,"column":32},"end":{"line":4,"column":69}},"line":4},"1":{"name":"(anonymous_1)","decl":{"start":{"line":5,"column":16},"end":{"line":5,"column":17}},"loc":{"start":{"line":6,"column":2},"end":{"line":6,"column":38}},"line":6}},"branchMap":{},"s":{"0":10,"1":1,"2":10,"3":1},"f":{"0":1,"1":1},"b":{},"_coverageSchema":"43e27e138ebf9cfc5966b082cf9a028302ed4184","hash":"8be34bbcb33d92fc74c60f95b4f2942183f62d13"}
,"/home/kraken33/develop/exmpl-project-frontend/src/services/intl/consts.ts": {"path":"/home/kraken33/develop/exmpl-project-frontend/src/services/intl/consts.ts","statementMap":{"0":{"start":{"line":1,"column":15},"end":{"line":4,"column":1}},"1":{"start":{"line":6,"column":29},"end":{"line":6,"column":34}}},"fnMap":{},"branchMap":{},"s":{"0":10,"1":10},"f":{},"b":{},"_coverageSchema":"43e27e138ebf9cfc5966b082cf9a028302ed4184","hash":"8b17cc286ca414a16d5393e71ab303c9b568f6ad"}
,"/home/kraken33/develop/exmpl-project-frontend/src/services/intl/index.ts": {"path":"/home/kraken33/develop/exmpl-project-frontend/src/services/intl/index.ts","statementMap":{},"fnMap":{},"branchMap":{},"s":{},"f":{},"b":{},"_coverageSchema":"43e27e138ebf9cfc5966b082cf9a028302ed4184","hash":"4304d5af1a1f5c5abfddf44e56ee0e0e73178826"}
,"/home/kraken33/develop/exmpl-project-frontend/src/services/intl/module.tsx": {"path":"/home/kraken33/develop/exmpl-project-frontend/src/services/intl/module.tsx","statementMap":{"0":{"start":{"line":8,"column":20},"end":{"line":8,"column":44}},"1":{"start":{"line":8,"column":26},"end":{"line":8,"column":44}},"2":{"start":{"line":10,"column":18},"end":{"line":10,"column":31}},"3":{"start":{"line":12,"column":33},"end":{"line":12,"column":37}},"4":{"start":{"line":13,"column":20},"end":{"line":13,"column":55}},"5":{"start":{"line":15,"column":21},"end":{"line":46,"column":1}},"6":{"start":{"line":18,"column":18},"end":{"line":43,"column":3}},"7":{"start":{"line":19,"column":40},"end":{"line":19,"column":64}},"8":{"start":{"line":20,"column":34},"end":{"line":20,"column":49}},"9":{"start":{"line":21,"column":4},"end":{"line":40,"column":11}},"10":{"start":{"line":22,"column":30},"end":{"line":26,"column":7}},"11":{"start":{"line":23,"column":8},"end":{"line":23,"column":43}},"12":{"start":{"line":24,"column":8},"end":{"line":24,"column":26}},"13":{"start":{"line":25,"column":8},"end":{"line":25,"column":41}},"14":{"start":{"line":28,"column":31},"end":{"line":32,"column":7}},"15":{"start":{"line":29,"column":8},"end":{"line":29,"column":30}},"16":{"start":{"line":30,"column":8},"end":{"line":30,"column":25}},"17":{"start":{"line":31,"column":8},"end":{"line":31,"column":28}},"18":{"start":{"line":34,"column":6},"end":{"line":34,"column":54}},"19":{"start":{"line":35,"column":6},"end":{"line":35,"column":52}},"20":{"start":{"line":37,"column":6},"end":{"line":39,"column":8}},"21":{"start":{"line":38,"column":8},"end":{"line":38,"column":39}},"22":{"start":{"line":42,"column":4},"end":{"line":42,"column":78}},"23":{"start":{"line":45,"column":2},"end":{"line":45,"column":17}},"24":{"start":{"line":48,"column":57},"end":{"line":62,"column":1}},"25":{"start":{"line":54,"column":24},"end":{"line":54,"column":46}},"26":{"start":{"line":56,"column":2},"end":{"line":61,"column":4}},"27":{"start":{"line":64,"column":21},"end":{"line":64,"column":48}},"28":{"start":{"line":66,"column":21},"end":{"line":70,"column":1}},"29":{"start":{"line":66,"column":60},"end":{"line":70,"column":1}},"30":{"start":{"line":67,"column":2},"end":{"line":69,"column":51}},"31":{"start":{"line":72,"column":16},"end":{"line":88,"column":1}},"32":{"start":{"line":73,"column":49},"end":{"line":73,"column":53}},"33":{"start":{"line":74,"column":15},"end":{"line":74,"column":38}},"34":{"start":{"line":75,"column":21},"end":{"line":85,"column":3}},"35":{"start":{"line":77,"column":6},"end":{"line":83,"column":8}},"36":{"start":{"line":79,"column":10},"end":{"line":81,"column":19}},"37":{"start":{"line":87,"column":2},"end":{"line":87,"column":20}},"38":{"start":{"line":90,"column":17},"end":{"line":100,"column":1}},"39":{"start":{"line":96,"column":5},"end":{"line":100,"column":1}},"40":{"start":{"line":97,"column":15},"end":{"line":97,"column":24}},"41":{"start":{"line":99,"column":2},"end":{"line":99,"column":46}},"42":{"start":{"line":102,"column":13},"end":{"line":102,"column":41}}},"fnMap":{"0":{"name":"(anonymous_0)","decl":{"start":{"line":8,"column":20},"end":{"line":8,"column":21}},"loc":{"start":{"line":8,"column":26},"end":{"line":8,"column":44}},"line":8},"1":{"name":"(anonymous_1)","decl":{"start":{"line":15,"column":21},"end":{"line":15,"column":22}},"loc":{"start":{"line":17,"column":38},"end":{"line":46,"column":1}},"line":17},"2":{"name":"(anonymous_2)","decl":{"start":{"line":18,"column":18},"end":{"line":18,"column":19}},"loc":{"start":{"line":18,"column":41},"end":{"line":43,"column":3}},"line":18},"3":{"name":"(anonymous_3)","decl":{"start":{"line":21,"column":14},"end":{"line":21,"column":15}},"loc":{"start":{"line":21,"column":20},"end":{"line":40,"column":5}},"line":21},"4":{"name":"(anonymous_4)","decl":{"start":{"line":22,"column":30},"end":{"line":22,"column":31}},"loc":{"start":{"line":22,"column":65},"end":{"line":26,"column":7}},"line":22},"5":{"name":"(anonymous_5)","decl":{"start":{"line":28,"column":31},"end":{"line":28,"column":32}},"loc":{"start":{"line":28,"column":37},"end":{"line":32,"column":7}},"line":28},"6":{"name":"(anonymous_6)","decl":{"start":{"line":37,"column":13},"end":{"line":37,"column":14}},"loc":{"start":{"line":37,"column":19},"end":{"line":39,"column":7}},"line":37},"7":{"name":"(anonymous_7)","decl":{"start":{"line":48,"column":57},"end":{"line":48,"column":58}},"loc":{"start":{"line":53,"column":6},"end":{"line":62,"column":1}},"line":53},"8":{"name":"(anonymous_8)","decl":{"start":{"line":66,"column":21},"end":{"line":66,"column":22}},"loc":{"start":{"line":66,"column":60},"end":{"line":70,"column":1}},"line":66},"9":{"name":"(anonymous_9)","decl":{"start":{"line":66,"column":60},"end":{"line":66,"column":61}},"loc":{"start":{"line":66,"column":77},"end":{"line":70,"column":1}},"line":66},"10":{"name":"(anonymous_10)","decl":{"start":{"line":72,"column":16},"end":{"line":72,"column":17}},"loc":{"start":{"line":72,"column":71},"end":{"line":88,"column":1}},"line":72},"11":{"name":"(anonymous_11)","decl":{"start":{"line":76,"column":4},"end":{"line":76,"column":5}},"loc":{"start":{"line":77,"column":6},"end":{"line":83,"column":8}},"line":77},"12":{"name":"(anonymous_12)","decl":{"start":{"line":78,"column":13},"end":{"line":78,"column":14}},"loc":{"start":{"line":78,"column":54},"end":{"line":82,"column":9}},"line":78},"13":{"name":"(anonymous_13)","decl":{"start":{"line":90,"column":17},"end":{"line":90,"column":18}},"loc":{"start":{"line":96,"column":5},"end":{"line":100,"column":1}},"line":96},"14":{"name":"(anonymous_14)","decl":{"start":{"line":96,"column":5},"end":{"line":96,"column":6}},"loc":{"start":{"line":96,"column":55},"end":{"line":100,"column":1}},"line":96}},"branchMap":{"0":{"loc":{"start":{"line":54,"column":24},"end":{"line":54,"column":46}},"type":"binary-expr","locations":[{"start":{"line":54,"column":24},"end":{"line":54,"column":31}},{"start":{"line":54,"column":35},"end":{"line":54,"column":46}}],"line":54},"1":{"loc":{"start":{"line":59,"column":7},"end":{"line":59,"column":41}},"type":"cond-expr","locations":[{"start":{"line":59,"column":23},"end":{"line":59,"column":34}},{"start":{"line":59,"column":37},"end":{"line":59,"column":41}}],"line":59},"2":{"loc":{"start":{"line":67,"column":9},"end":{"line":69,"column":50}},"type":"cond-expr","locations":[{"start":{"line":68,"column":6},"end":{"line":68,"column":24}},{"start":{"line":69,"column":6},"end":{"line":69,"column":50}}],"line":67},"3":{"loc":{"start":{"line":68,"column":6},"end":{"line":68,"column":24}},"type":"binary-expr","locations":[{"start":{"line":68,"column":6},"end":{"line":68,"column":17}},{"start":{"line":68,"column":21},"end":{"line":68,"column":24}}],"line":68},"4":{"loc":{"start":{"line":69,"column":6},"end":{"line":69,"column":50}},"type":"binary-expr","locations":[{"start":{"line":69,"column":6},"end":{"line":69,"column":26}},{"start":{"line":69,"column":30},"end":{"line":69,"column":50}}],"line":69},"5":{"loc":{"start":{"line":72,"column":17},"end":{"line":72,"column":41}},"type":"default-arg","locations":[{"start":{"line":72,"column":39},"end":{"line":72,"column":41}}],"line":72},"6":{"loc":{"start":{"line":73,"column":10},"end":{"line":73,"column":44}},"type":"default-arg","locations":[{"start":{"line":73,"column":24},"end":{"line":73,"column":44}}],"line":73},"7":{"loc":{"start":{"line":77,"column":16},"end":{"line":77,"column":26}},"type":"binary-expr","locations":[{"start":{"line":77,"column":16},"end":{"line":77,"column":20}},{"start":{"line":77,"column":24},"end":{"line":77,"column":26}}],"line":77},"8":{"loc":{"start":{"line":79,"column":30},"end":{"line":79,"column":72}},"type":"cond-expr","locations":[{"start":{"line":79,"column":59},"end":{"line":79,"column":65}},{"start":{"line":79,"column":68},"end":{"line":79,"column":72}}],"line":79}},"s":{"0":10,"1":10,"2":10,"3":10,"4":10,"5":10,"6":13,"7":3,"8":3,"9":3,"10":3,"11":3,"12":3,"13":3,"14":3,"15":2,"16":2,"17":2,"18":3,"19":3,"20":3,"21":0,"22":3,"23":13,"24":10,"25":2,"26":2,"27":10,"28":10,"29":13,"30":3,"31":10,"32":4,"33":4,"34":4,"35":4,"36":3,"37":4,"38":10,"39":32,"40":0,"41":0,"42":10},"f":{"0":10,"1":13,"2":3,"3":3,"4":3,"5":2,"6":0,"7":2,"8":13,"9":3,"10":4,"11":4,"12":3,"13":32,"14":0},"b":{"0":[2,1],"1":[1,1],"2":[0,3],"3":[0,0],"4":[3,0],"5":[3],"6":[3],"7":[4,1],"8":[0,3]},"_coverageSchema":"43e27e138ebf9cfc5966b082cf9a028302ed4184","hash":"4d76f6041c574d8ba230d3bebbe236e844fae581"}
,"/home/kraken33/develop/exmpl-project-frontend/src/services/intl/types.ts": {"path":"/home/kraken33/develop/exmpl-project-frontend/src/services/intl/types.ts","statementMap":{},"fnMap":{},"branchMap":{},"s":{},"f":{},"b":{},"hash":"b65b0f6ddb314c88fac05b5ebc4ae945e342a832"}
,"/home/kraken33/develop/exmpl-project-frontend/src/services/permission/actions.ts": {"path":"/home/kraken33/develop/exmpl-project-frontend/src/services/permission/actions.ts","statementMap":{"0":{"start":{"line":3,"column":23},"end":{"line":4,"column":57}},"1":{"start":{"line":4,"column":2},"end":{"line":4,"column":57}}},"fnMap":{"0":{"name":"(anonymous_0)","decl":{"start":{"line":3,"column":23},"end":{"line":3,"column":24}},"loc":{"start":{"line":4,"column":2},"end":{"line":4,"column":57}},"line":4}},"branchMap":{},"s":{"0":6,"1":0},"f":{"0":0},"b":{},"_coverageSchema":"43e27e138ebf9cfc5966b082cf9a028302ed4184","hash":"c8909f776b4946fe4839b9035f495d756b40b7db"}
,"/home/kraken33/develop/exmpl-project-frontend/src/services/permission/index.ts": {"path":"/home/kraken33/develop/exmpl-project-frontend/src/services/permission/index.ts","statementMap":{},"fnMap":{},"branchMap":{},"s":{},"f":{},"b":{},"_coverageSchema":"43e27e138ebf9cfc5966b082cf9a028302ed4184","hash":"c8295e18789823815cb7b0e66ca05f8b4949b409"}
,"/home/kraken33/develop/exmpl-project-frontend/src/services/permission/module.tsx": {"path":"/home/kraken33/develop/exmpl-project-frontend/src/services/permission/module.tsx","statementMap":{"0":{"start":{"line":11,"column":20},"end":{"line":18,"column":1}},"1":{"start":{"line":12,"column":21},"end":{"line":12,"column":39}},"2":{"start":{"line":13,"column":20},"end":{"line":13,"column":37}},"3":{"start":{"line":15,"column":2},"end":{"line":15,"column":25}},"4":{"start":{"line":17,"column":2},"end":{"line":17,"column":15}},"5":{"start":{"line":20,"column":24},"end":{"line":20,"column":37}},"6":{"start":{"line":22,"column":26},"end":{"line":22,"column":49}},"7":{"start":{"line":24,"column":37},"end":{"line":43,"column":1}},"8":{"start":{"line":25,"column":41},"end":{"line":25,"column":53}},"9":{"start":{"line":26,"column":2},"end":{"line":36,"column":9}},"10":{"start":{"line":27,"column":4},"end":{"line":31,"column":6}},"11":{"start":{"line":28,"column":6},"end":{"line":30,"column":14}},"12":{"start":{"line":33,"column":4},"end":{"line":35,"column":6}},"13":{"start":{"line":34,"column":6},"end":{"line":34,"column":43}},"14":{"start":{"line":38,"column":2},"end":{"line":42,"column":4}},"15":{"start":{"line":45,"column":23},"end":{"line":45,"column":68}},"16":{"start":{"line":45,"column":39},"end":{"line":45,"column":68}},"17":{"start":{"line":47,"column":27},"end":{"line":59,"column":3}},"18":{"start":{"line":49,"column":33},"end":{"line":59,"column":3}},"19":{"start":{"line":52,"column":2},"end":{"line":59,"column":3}},"20":{"start":{"line":52,"column":22},"end":{"line":52,"column":69}},"21":{"start":{"line":54,"column":6},"end":{"line":56,"column":27}},"22":{"start":{"line":55,"column":8},"end":{"line":55,"column":45}},"23":{"start":{"line":57,"column":6},"end":{"line":57,"column":63}},"24":{"start":{"line":61,"column":24},"end":{"line":77,"column":1}},"25":{"start":{"line":64,"column":5},"end":{"line":77,"column":1}},"26":{"start":{"line":64,"column":56},"end":{"line":77,"column":1}},"27":{"start":{"line":65,"column":22},"end":{"line":65,"column":38}},"28":{"start":{"line":66,"column":24},"end":{"line":70,"column":3}},"29":{"start":{"line":72,"column":2},"end":{"line":76,"column":4}}},"fnMap":{"0":{"name":"(anonymous_0)","decl":{"start":{"line":11,"column":20},"end":{"line":11,"column":21}},"loc":{"start":{"line":11,"column":26},"end":{"line":18,"column":1}},"line":11},"1":{"name":"(anonymous_1)","decl":{"start":{"line":24,"column":37},"end":{"line":24,"column":38}},"loc":{"start":{"line":24,"column":55},"end":{"line":43,"column":1}},"line":24},"2":{"name":"(anonymous_2)","decl":{"start":{"line":26,"column":12},"end":{"line":26,"column":13}},"loc":{"start":{"line":26,"column":18},"end":{"line":36,"column":3}},"line":26},"3":{"name":"(anonymous_3)","decl":{"start":{"line":27,"column":45},"end":{"line":27,"column":46}},"loc":{"start":{"line":28,"column":6},"end":{"line":30,"column":14}},"line":28},"4":{"name":"(anonymous_4)","decl":{"start":{"line":33,"column":11},"end":{"line":33,"column":12}},"loc":{"start":{"line":33,"column":17},"end":{"line":35,"column":5}},"line":33},"5":{"name":"(anonymous_5)","decl":{"start":{"line":45,"column":23},"end":{"line":45,"column":24}},"loc":{"start":{"line":45,"column":39},"end":{"line":45,"column":68}},"line":45},"6":{"name":"(anonymous_6)","decl":{"start":{"line":47,"column":27},"end":{"line":47,"column":28}},"loc":{"start":{"line":49,"column":33},"end":{"line":59,"column":3}},"line":49},"7":{"name":"(anonymous_7)","decl":{"start":{"line":49,"column":33},"end":{"line":49,"column":34}},"loc":{"start":{"line":52,"column":2},"end":{"line":59,"column":3}},"line":52},"8":{"name":"(anonymous_8)","decl":{"start":{"line":52,"column":10},"end":{"line":52,"column":11}},"loc":{"start":{"line":52,"column":22},"end":{"line":52,"column":69}},"line":52},"9":{"name":"(anonymous_9)","decl":{"start":{"line":53,"column":4},"end":{"line":53,"column":5}},"loc":{"start":{"line":53,"column":28},"end":{"line":58,"column":5}},"line":53},"10":{"name":"(anonymous_10)","decl":{"start":{"line":54,"column":16},"end":{"line":54,"column":17}},"loc":{"start":{"line":54,"column":22},"end":{"line":56,"column":7}},"line":54},"11":{"name":"(anonymous_11)","decl":{"start":{"line"
[...]
,"/home/kraken33/develop/exmpl-project-frontend/src/store/layout/selectors.ts": {"path":"/home/kraken33/develop/exmpl-project-frontend/src/store/layout/selectors.ts","statementMap":{"0":{"start":{"line":4,"column":27},"end":{"line":8,"column":1}},"1":{"start":{"line":10,"column":23},"end":{"line":10,"column":46}},"2":{"start":{"line":12,"column":24},"end":{"line":15,"column":1}},"3":{"start":{"line":17,"column":22},"end":{"line":20,"column":1}}},"fnMap":{},"branchMap":{},"s":{"0":9,"1":9,"2":9,"3":9},"f":{},"b":{},"_coverageSchema":"43e27e138ebf9cfc5966b082cf9a028302ed4184","hash":"f5aed3902e4bbed0b6135e98c8436dd1c2d8f153"}
,"/home/kraken33/develop/exmpl-project-frontend/src/store/layout/types.ts": {"path":"/home/kraken33/develop/exmpl-project-frontend/src/store/layout/types.ts","statementMap":{},"fnMap":{},"branchMap":{},"s":{},"f":{},"b":{},"_coverageSchema":"43e27e138ebf9cfc5966b082cf9a028302ed4184","hash":"9a1746684727b3ef54a4fdae6642772da96947a6"}
,"/home/kraken33/develop/exmpl-project-frontend/src/store/preloader/actions.ts": {"path":"/home/kraken33/develop/exmpl-project-frontend/src/store/preloader/actions.ts","statementMap":{"0":{"start":{"line":10,"column":28},"end":{"line":10,"column":74}},"1":{"start":{"line":11,"column":31},"end":{"line":13,"column":1}}},"fnMap":{},"branchMap":{},"s":{"0":7,"1":7},"f":{},"b":{},"_coverageSchema":"43e27e138ebf9cfc5966b082cf9a028302ed4184","hash":"4fd846d5436670308c219ddf2e3fb22d1abcbb88"}
,"/home/kraken33/develop/exmpl-project-frontend/src/store/preloader/index.ts": {"path":"/home/kraken33/develop/exmpl-project-frontend/src/store/preloader/index.ts","statementMap":{},"fnMap":{},"branchMap":{},"s":{},"f":{},"b":{},"_coverageSchema":"43e27e138ebf9cfc5966b082cf9a028302ed4184","hash":"aa29812f0a71d8521232780081a4cf590a79a62c"}
,"/home/kraken33/develop/exmpl-project-frontend/src/store/preloader/reducers.ts": {"path":"/home/kraken33/develop/exmpl-project-frontend/src/store/preloader/reducers.ts","statementMap":{"0":{"start":{"line":6,"column":37},"end":{"line":8,"column":1}},"1":{"start":{"line":10,"column":21},"end":{"line":27,"column":2}},"2":{"start":{"line":12,"column":4},"end":{"line":12,"column":43}},"3":{"start":{"line":14,"column":4},"end":{"line":14,"column":17}},"4":{"start":{"line":21,"column":4},"end":{"line":23,"column":6}},"5":{"start":{"line":22,"column":6},"end":{"line":22,"column":41}},"6":{"start":{"line":25,"column":4},"end":{"line":25,"column":17}}},"fnMap":{"0":{"name":"(anonymous_0)","decl":{"start":{"line":11,"column":2},"end":{"line":11,"column":3}},"loc":{"start":{"line":11,"column":54},"end":{"line":15,"column":3}},"line":11},"1":{"name":"(anonymous_1)","decl":{"start":{"line":17,"column":2},"end":{"line":17,"column":3}},"loc":{"start":{"line":20,"column":4},"end":{"line":26,"column":3}},"line":20},"2":{"name":"(anonymous_2)","decl":{"start":{"line":21,"column":35},"end":{"line":21,"column":36}},"loc":{"start":{"line":22,"column":6},"end":{"line":22,"column":41}},"line":22}},"branchMap":{"0":{"loc":{"start":{"line":22,"column":6},"end":{"line":22,"column":41}},"type":"cond-expr","locations":[{"start":{"line":22,"column":36},"end":{"line":22,"column":37}},{"start":{"line":22,"column":40},"end":{"line":22,"column":41}}],"line":22}},"s":{"0":7,"1":7,"2":2,"3":2,"4":1,"5":1,"6":1},"f":{"0":2,"1":1,"2":1},"b":{"0":[1,0]},"_coverageSchema":"43e27e138ebf9cfc5966b082cf9a028302ed4184","hash":"dd8d78ac297c7e069680e5303a7237b25d7eea90"}
,"/home/kraken33/develop/exmpl-project-frontend/src/store/preloader/selectors.ts": {"path":"/home/kraken33/develop/exmpl-project-frontend/src/store/preloader/selectors.ts","statementMap":{"0":{"start":{"line":5,"column":20},"end":{"line":8,"column":1}},"1":{"start":{"line":10,"column":26},"end":{"line":10,"column":52}},"2":{"start":{"line":12,"column":23},"end":{"line":18,"column":1}},"3":{"start":{"line":15,"column":32},"end":{"line":15,"column":38}},"4":{"start":{"line":16,"column":25},"end":{"line":16,"column":30}},"5":{"start":{"line":20,"column":26},"end":{"line":23,"column":1}},"6":{"start":{"line":25,"column":61},"end":{"line":28,"column":1}},"7":{"start":{"line":27,"column":19},"end":{"line":27,"column":62}},"8":{"start":{"line":27,"column":34},"end":{"line":27,"column":54}}},"fnMap":{"0":{"name":"(anonymous_0)","decl":{"start":{"line":15,"column":22},"end":{"line":15,"column":23}},"loc":{"start":{"line":15,"column":32},"end":{"line":15,"column":38}},"line":15},"1":{"name":"(anonymous_1)","decl":{"start":{"line":16,"column":14},"end":{"line":16,"column":15}},"loc":{"start":{"line":16,"column":25},"end":{"line":16,"column":30}},"line":16},"2":{"name":"(anonymous_2)","decl":{"start":{"line":27,"column":2},"end":{"line":27,"column":3}},"loc":{"start":{"line":27,"column":19},"end":{"line":27,"column":62}},"line":27},"3":{"name":"(anonymous_3)","decl":{"start":{"line":27,"column":24},"end":{"line":27,"column":25}},"loc":{"start":{"line":27,"column":34},"end":{"line":27,"column":54}},"line":27}},"branchMap":{},"s":{"0":7,"1":7,"2":7,"3":3,"4":0,"5":7,"6":7,"7":2,"8":2},"f":{"0":3,"1":0,"2":2,"3":2},"b":{},"_coverageSchema":"43e27e138ebf9cfc5966b082cf9a028302ed4184","hash":"eb1b5790d696fb6ac56c4196c5ff7421068c7b3c"}
,"/home/kraken33/develop/exmpl-project-frontend/src/store/preloader/types.ts": {"path":"/home/kraken33/develop/exmpl-project-frontend/src/store/preloader/types.ts","statementMap":{},"fnMap":{},"branchMap":{},"s":{},"f":{},"b":{},"_coverageSchema":"43e27e138ebf9cfc5966b082cf9a028302ed4184","hash":"0dd2d232e212a1d845958195e96ee5ce975423af"}
,"/home/kraken33/develop/exmpl-project-frontend/src/utils/component-test.tsx": {"path":"/home/kraken33/develop/exmpl-project-frontend/src/utils/component-test.tsx","statementMap":{"0":{"start":{"line":7,"column":2},"end":{"line":7,"column":29}},"1":{"start":{"line":10,"column":2},"end":{"line":10,"column":51}},"2":{"start":{"line":10,"column":36},"end":{"line":10,"column":50}}},"fnMap":{"0":{"name":"r","decl":{"start":{"line":3,"column":9},"end":{"line":3,"column":10}},"loc":{"start":{"line":6,"column":15},"end":{"line":8,"column":1}},"line":6},"1":{"name":"rProp","decl":{"start":{"line":9,"column":9},"end":{"line":9,"column":14}},"loc":{"start":{"line":9,"column":72},"end":{"line":11,"column":1}},"line":9},"2":{"name":"(anonymous_2)","decl":{"start":{"line":10,"column":9},"end":{"line":10,"column":10}},"loc":{"start":{"line":10,"column":36},"end":{"line":10,"column":50}},"line":10}},"branchMap":{},"s":{"0":26,"1":6,"2":12},"f":{"0":26,"1":6,"2":12},"b":{},"_coverageSchema":"43e27e138ebf9cfc5966b082cf9a028302ed4184","hash":"64c4b45f8d990244ab524b450ed28ed7aaab4448"}
,"/home/kraken33/develop/exmpl-project-frontend/src/utils/errors.ts": {"path":"/home/kraken33/develop/exmpl-project-frontend/src/utils/errors.ts","statementMap":{"0":{"start":{"line":5,"column":14},"end":{"line":8,"column":1}},"1":{"start":{"line":6,"column":2},"end":{"line":7,"column":26}},"2":{"start":{"line":6,"column":52},"end":{"line":6,"column":73}},"3":{"start":{"line":7,"column":7},"end":{"line":7,"column":26}}},"fnMap":{"0":{"name":"(anonymous_0)","decl":{"start":{"line":5,"column":14},"end":{"line":5,"column":15}},"loc":{"start":{"line":5,"column":37},"end":{"line":8,"column":1}},"line":5}},"branchMap":{"0":{"loc":{"start":{"line":6,"column":2},"end":{"line":7,"column":26}},"type":"if","locations":[{"start":{"line":6,"column":2},"end":{"line":7,"column":26}},{"start":{"line":6,"column":2},"end":{"line":7,"column":26}}],"line":6}},"s":{"0":10,"1":4,"2":3,"3":1},"f":{"0":4},"b":{"0":[3,1]},"_coverageSchema":"43e27e138ebf9cfc5966b082cf9a028302ed4184","hash":"e2eacadff1dd8200db3ff42d14855016944cbbf3"}
,"/home/kraken33/develop/exmpl-project-frontend/src/utils/index.ts": {"path":"/home/kraken33/develop/exmpl-project-frontend/src/utils/index.ts","statementMap":{},"fnMap":{},"branchMap":{},"s":{},"f":{},"b":{},"_coverageSchema":"43e27e138ebf9cfc5966b082cf9a028302ed4184","hash":"357af9579b771a82b88996ad373bc0626db13ad0"}
,"/home/kraken33/develop/exmpl-project-frontend/src/utils/loadable.ts": {"path":"/home/kraken33/develop/exmpl-project-frontend/src/utils/loadable.ts","statementMap":{"0":{"start":{"line":10,"column":4},"end":{"line":10,"column":6}},"1":{"start":{"line":12,"column":24},"end":{"line":36,"column":1}},"2":{"start":{"line":18,"column":12},"end":{"line":18,"column":24}},"3":{"start":{"line":19,"column":2},"end":{"line":35,"column":4}},"4":{"start":{"line":21,"column":6},"end":{"line":23,"column":7}},"5":{"start":{"line":22,"column":8},"end":{"line":22,"column":26}},"6":{"start":{"line":24,"column":6},"end":{"line":24,"column":28}},"7":{"start":{"line":25,"column":6},"end":{"line":27,"column":7}},"8":{"start":{"line":26,"column":8},"end":{"line":26,"column":44}},"9":{"start":{"line":28,"column":6},"end":{"line":28,"column":24}}},"fnMap":{"0":{"name":"(anonymous_0)","decl":{"start":{"line":12,"column":24},"end":{"line":12,"column":25}},"loc":{"start":{"line":17,"column":26},"end":{"line":36,"column":1}},"line":17},"1":{"name":"(anonymous_1)","decl":{"start":{"line":20,"column":4},"end":{"line":20,"column":5}},"loc":{"start":{"line":20,"column":10},"end":{"line":29,"column":5}},"line":20}},"branchMap":{"0":{"loc":{"start":{"line":16,"column":2},"end":{"line":16,"column":13}},"type":"default-arg","locations":[{"start":{"line":16,"column":10},"end":{"line":16,"column":13}}],"line":16},"1":{"loc":{"start":{"line":21,"column":6},"end":{"line":23,"column":7}},"type":"if","locations":[{"start":{"line":21,"column":6},"end":{"line":23,"column":7}},{"start":{"line":21,"column":6},"end":{"line":23,"column":7}}],"line":21},"2":{"loc":{"start":{"line":25,"column":6},"end":{"line":27,"column":7}},"type":"if","locations":[{"start":{"line":25,"column":6},"end":{"line":27,"column":7}},{"start":{"line":25,"column":6},"end":{"line":27,"column":7}}],"line":25},"3":{"loc":{"start":{"line":30,"column":4},"end":{"line":34,"column":9}},"type":"cond-expr","locations":[{"start":{"line":31,"column":8},"end":{"line":31,"column":17}},{"start":{"line":32,"column":8},"end":{"line":34,"column":9}}],"line":30},"4":{"loc":{"start":{"line":33,"column":20},"end":{"line":33,"column":53}},"type":"cond-expr","locations":[{"start":{"line":33,"column":46},"end":{"line":33,"column":49}},{"start":{"line":33,"column":52},"end":{"line":33,"column":53}}],"line":33}},"s":{"0":7,"1":7,"2":18,"3":18,"4":0,"5":0,"6":0,"7":0,"8":0,"9":0},"f":{"0":18,"1":0},"b":{"0":[18],"1":[0,0],"2":[0,0],"3":[0,18],"4":[18,0]},"_coverageSchema":"43e27e138ebf9cfc5966b082cf9a028302ed4184","hash":"75efea03650362de6ed63a8c376bb02a25e2d9fe"}
,"/home/kraken33/develop/exmpl-project-frontend/src/utils/location.ts": {"path":"/home/kraken33/develop/exmpl-project-frontend/src/utils/location.ts","statementMap":{"0":{"start":{"line":3,"column":17},"end":{"line":8,"column":1}},"1":{"start":{"line":7,"column":2},"end":{"line":7,"column":44}}},"fnMap":{"0":{"name":"(anonymous_0)","decl":{"start":{"line":3,"column":17},"end":{"line":3,"column":18}},"loc":{"start":{"line":6,"column":11},"end":{"line":8,"column":1}},"line":6}},"branchMap":{},"s":{"0":6,"1":0},"f":{"0":0},"b":{},"_coverageSchema":"43e27e138ebf9cfc5966b082cf9a028302ed4184","hash":"94f06b3b078c59f0600b4f8ab28f7c3387c45d67"}
,"/home/kraken33/develop/exmpl-project-frontend/src/utils/pub-sub.ts": {"path":"/home/kraken33/develop/exmpl-project-frontend/src/utils/pub-sub.ts","statementMap":{"0":{"start":{"line":11,"column":20},"end":{"line":32,"column":1}},"1":{"start":{"line":14,"column":4},"end":{"line":14,"column":36}},"2":{"start":{"line":17,"column":4},"end":{"line":17,"column":58}},"3":{"start":{"line":18,"column":4},"end":{"line":18,"column":36}},"4":{"start":{"line":21,"column":23},"end":{"line":21,"column":57}},"5":{"start":{"line":22,"column":4},"end":{"line":24,"column":64}},"6":{"start":{"line":27,"column":4},"end":{"line":30,"column":9}},"7":{"start":{"line":29,"column":8},"end":{"line":29,"column":17}}},"fnMap":{"0":{"name":"(anonymous_0)","decl":{"start":{"line":13,"column":2},"end":{"line":13,"column":3}},"loc":{"start":{"line":13,"column":30},"end":{"line":15,"column":3}},"line":13},"1":{"name":"(anonymous_1)","decl":{"start":{"line":16,"column":2},"end":{"line":16,"column":3}},"loc":{"start":{"line":16,"column":20},"end":{"line":19,"column":3}},"line":16},"2":{"name":"(anonymous_2)","decl":{"start":{"line":20,"column":2},"end":{"line":20,"column":3}},"loc":{"start":{"line":20,"column":21},"end":{"line":25,"column":3}},"line":20},"3":{"name":"(anonymous_3)","decl":{"start":{"line":26,"column":2},"end":{"line":26,"column":3}},"loc":{"start":{"line":26,"column":24},"end":{"line":31,"column":3}},"line":26},"4":{"name":"(anonymous_4)","decl":{"start":{"line":28,"column":37},"end":{"line":28,"column":38}},"loc":{"start":{"line":28,"column":45},"end":{"line":30,"column":7}},"line":28}},"branchMap":{"0":{"loc":{"start":{"line":17,"column":29},"end":{"line":17,"column":57}},"type":"binary-expr","locations":[{"start":{"line":17,"column":29},"end":{"line":17,"column":51}},{"start":{"line":17,"column":55},"end":{"line":17,"column":57}}],"line":17},"1":{"loc":{"start":{"line":22,"column":4},"end":{"line":24,"column":63}},"type":"cond-expr","locations":[{"start":{"line":23,"column":8},"end":{"line":23,"column":52}},{"start":{"line":24,"column":8},"end":{"line":24,"column":63}}],"line":22},"2":{"loc":{"start":{"line":22,"column":4},"end":{"line":22,"column":55}},"type":"binary-expr","locations":[{"start":{"line":22,"column":4},"end":{"line":22,"column":36}},{"start":{"line":22,"column":40},"end":{"line":22,"column":55}}],"line":22},"3":{"loc":{"start":{"line":27,"column":4},"end":{"line":30,"column":8}},"type":"binary-expr","locations":[{"start":{"line":27,"column":4},"end":{"line":27,"column":36}},{"start":{"line":28,"column":6},"end":{"line":30,"column":8}}],"line":27}},"s":{"0":7,"1":4,"2":2,"3":2,"4":2,"5":2,"6":2,"7":2},"f":{"0":4,"1":2,"2":2,"3":2,"4":2},"b":{"0":[2,1],"1":[1,1],"2":[2,2],"3":[2,2]},"_coverageSchema":"43e27e138ebf9cfc5966b082cf9a028302ed4184","hash":"174d690bfb66d4942a6a48132119c152fff5ef61"}
,"/home/kraken33/develop/exmpl-project-frontend/src/utils/redux-form-validation.ts": {"path":"/home/kraken33/develop/exmpl-project-frontend/src/utils/redux-form-validation.ts","statementMap":{"0":{"start":{"line":7,"column":22},"end":{"line":20,"column":1}},"1":{"start":{"line":8,"column":15},"end":{"line":8,"column":59}},"2":{"start":{"line":9,"column":2},"end":{"line":17,"column":3}},"3":{"start":{"line":10,"column":19},"end":{"line":10,"column":36}},"4":{"start":{"line":11,"column":19},"end":{"line":11,"column":36}},"5":{"start":{"line":13,"column":4},"end":{"line":16,"column":36}},"6":{"start":{"line":14,"column":6},"end":{"line":14,"column":35}},"7":{"start":{"line":15,"column":6},"end":{"line":15,"column":17}},"8":{"start":{"line":18,"column":2},"end":{"line":18,"column":80}},"9":{"start":{"line":19,"column":2},"end":{"line":19,"column":12}},"10":{"start":{"line":27,"column":22},"end":{"line":53,"column":1}},"11":{"start":{"line":35,"column":6},"end":{"line":53,"column":1}},"12":{"start":{"line":36,"column":37},"end":{"line":38,"column":3}},"13":{"start":{"line":40,"column":2},"end":{"line":40,"column":25}},"14":{"start":{"line":41,"column":2},"end":{"line":41,"column":46}},"15":{"start":{"line":42,"column":42},"end":{"line":42,"column":66}},"16":{"start":{"line":44,"column":28},"end":{"line":48,"column":10}},"17":{"start":{"line":45,"column":4},"end":{"line":48,"column":10}},"18":{"start":{"line":46,"column":6},"end":{"line":46,"column":69}},"19":{"start":{"line":47,"column":6},"end":{"line":47,"column":17}},"20":{"start":{"line":50,"column":20},"end":{"line":50,"column":50}},"21":{"start":{"line":52,"column":2},"end":{"line":52,"column":53}},"22":{"start":{"line":52,"column":37},"end":{"line":52,"column":53}}},"fnMap":{"0":{"name":"(anonymous_0)","decl":{"start":{"line":7,"column":22},"end":{"line":7,"column":23}},"loc":{"start":{"line":7,"column":69},"end":{"line":20,"column":1}},"line":7},"1":{"name":"(anonymous_1)","decl":{"start":{"line":13,"column":48},"end":{"line":13,"column":49}},"loc":{"start":{"line":13,"column":62},"end":{"line":16,"column":5}},"line":13},"2":{"name":"(anonymous_2)","decl":{"start":{"line":27,"column":22},"end":{"line":27,"column":23}},"loc":{"start":{"line":35,"column":6},"end":{"line":53,"column":1}},"line":35},"3":{"name":"(anonymous_3)","decl":{"start":{"line":35,"column":6},"end":{"line":35,"column":7}},"loc":{"start":{"line":35,"column":32},"end":{"line":53,"column":1}},"line":35},"4":{"name":"(anonymous_4)","decl":{"start":{"line":44,"column":28},"end":{"line":44,"column":29}},"loc":{"start":{"line":45,"column":4},"end":{"line":48,"column":10}},"line":45},"5":{"name":"(anonymous_5)","decl":{"start":{"line":45,"column":18},"end":{"line":45,"column":19}},"loc":{"start":{"line":45,"column":70},"end":{"line":48,"column":5}},"line":45}},"branchMap":{"0":{"loc":{"start":{"line":9,"column":2},"end":{"line":17,"column":3}},"type":"if","locations":[{"start":{"line":9,"column":2},"end":{"line":17,"column":3}},{"start":{"line":9,"column":2},"end":{"line":17,"column":3}}],"line":9},"1":{"loc":{"start":{"line":10,"column":19},"end":{"line":10,"column":36}},"type":"binary-expr","locations":[{"start":{"line":10,"column":19},"end":{"line":10,"column":30}},{"start":{"line":10,"column":34},"end":{"line":10,"column":36}}],"line":10},"2":{"loc":{"start":{"line":11,"column":19},"end":{"line":11,"column":36}},"type":"binary-expr","locations":[{"start":{"line":11,"column":19},"end":{"line":11,"column":30}},{"start":{"line":11,"column":34},"end":{"line":11,"column":36}}],"line":11},"3":{"loc":{"start":{"line":14,"column":17},"end":{"line":14,"column":34}},"type":"binary-expr","locations":[{"start":{"line":14,"column":17},"end":{"line":14,"column":28}},{"start":{"line":14,"column":32},"end":{"line":14,"column":34}}],"line":14},"4":{"loc":{"start":{"line":41,"column":11},"end":{"line":41,"column":45}},"type":"cond-expr","locations":[{"start":{"line":41,"column":21},"end":{"line":41,"column":36}},{"start":{"line":41,"column":39},"end":{"line":41,"column":45}}],"line":41},"5":{"loc":{"start":{"line":52,"column":2},"end":{"line":52,"column":53}},"type":"if","locations":[{"start":{"line":52,"column":2},"end":{"line":52,"column":53}},{"start":{"line":52,"column":2},"end":{"line":52,"column":53}}],"line":52}},"s":{"0":7,"1":4,"2":4,"3":3,"4":3,"5":3,"6":3,"7":3,"8":1,"9":0,"10":7,"11":2,"12":2,"13":2,"14":2,"15":2,"16":2,"17":2,"18":1,"19":1,"20":2,"21":2,"22":1},"f":{"0":4,"1":3,"2":2,"3":2,"4":2,"5":1},"b":{"0":[3,1],"1":[3,0],"2":[3,0],"3":[3,3],"4":[0,2],"5":[1,1]},"_coverageSchema":"43e27e138ebf9cfc5966b082cf9a028302ed4184","hash":"8e3e2d5b55b5bff0d3ded1ebe922733c71af6245"}
,"/home/kraken33/develop/exmpl-project-frontend/src/utils/test.ts": {"path":"/home/kraken33/develop/exmpl-project-frontend/src/utils/test.ts","statementMap":{"0":{"start":{"line":1,"column":18},"end":{"line":1,"column":39}},"1":{"start":{"line":1,"column":29},"end":{"line":1,"column":39}}},"fnMap":{"0":{"name":"(anonymous_0)","decl":{"start":{"line":1,"column":18},"end":{"line":1,"column":19}},"loc":{"start":{"line":1,"column":29},"end":{"line":1,"column":39}},"line":1}},"branchMap":{},"s":{"0":8,"1":3},"f":{"0":3},"b":{},"_coverageSchema":"43e27e138ebf9cfc5966b082cf9a028302ed4184","hash":"126739930c396c1afea5754e736c5e9b4c395939"}
}
