TN:
SF:/home/kraken33/develop/exmpl-project-frontend/src/index.tsx
FN:14,(anonymous_0)
FN:18,(anonymous_1)
FN:23,(anonymous_2)
FNF:3
FNH:0
FNDA:0,(anonymous_0)
FNDA:0,(anonymous_1)
FNDA:0,(anonymous_2)
DA:14,0
DA:15,0
DA:18,0
DA:19,0
DA:22,0
DA:23,0
DA:24,0
DA:37,0
LF:8
LH:0
BRF:0
BRH:0
end_of_record
TN:
SF:/home/kraken33/develop/exmpl-project-frontend/src/serviceWorker.ts
FN:28,register
FN:42,(anonymous_1)
FN:51,(anonymous_2)
FN:65,registerValidSW
FN:68,(anonymous_4)
FN:69,(anonymous_5)
FN:74,(anonymous_6)
FN:104,(anonymous_7)
FN:109,checkValidServiceWorker
FN:114,(anonymous_9)
FN:122,(anonymous_10)
FN:123,(anonymous_11)
FN:132,(anonymous_12)
FN:139,unregister
FN:141,(anonymous_14)
FNF:15
FNH:0
FNDA:0,register
FNDA:0,(anonymous_1)
FNDA:0,(anonymous_2)
FNDA:0,registerValidSW
FNDA:0,(anonymous_4)
FNDA:0,(anonymous_5)
FNDA:0,(anonymous_6)
FNDA:0,(anonymous_7)
FNDA:0,checkValidServiceWorker
FNDA:0,(anonymous_9)
FNDA:0,(anonymous_10)
FNDA:0,(anonymous_11)
FNDA:0,(anonymous_12)
FNDA:0,unregister
FNDA:0,(anonymous_14)
DA:13,0
DA:29,0
DA:31,0
DA:35,0
DA:39,0
DA:42,0
DA:43,0
DA:45,0
DA:47,0
DA:51,0
DA:52,0
DA:59,0
DA:66,0
DA:69,0
DA:70,0
DA:71,0
DA:72,0
DA:74,0
DA:75,0
DA:76,0
DA:80,0
DA:86,0
DA:87,0
DA:93,0
DA:96,0
DA:97,0
DA:105,0
DA:111,0
DA:116,0
DA:117,0
DA:122,0
DA:123,0
DA:124,0
DA:129,0
DA:133,0
DA:140,0
DA:141,0
DA:142,0
LF:38
LH:0
BRDA:14,0,0,0
BRDA:14,0,1,0
BRDA:14,0,2,0
BRDA:29,1,0,0
BRDA:29,1,1,0
BRDA:29,2,0,0
BRDA:29,2,1,0
BRDA:35,3,0,0
BRDA:35,3,1,0
BRDA:45,4,0,0
BRDA:45,4,1,0
BRDA:71,5,0,0
BRDA:71,5,1,0
BRDA:75,6,0,0
BRDA:75,6,1,0
BRDA:76,7,0,0
BRDA:76,7,1,0
BRDA:86,8,0,0
BRDA:86,8,1,0
BRDA:86,9,0,0
BRDA:86,9,1,0
BRDA:96,10,0,0
BRDA:96,10,1,0
BRDA:96,11,0,0
BRDA:96,11,1,0
BRDA:117,12,0,0
BRDA:117,12,1,0
BRDA:118,13,0,0
BRDA:118,13,1,0
BRDA:118,13,2,0
BRDA:140,14,0,0
BRDA:140,14,1,0
BRF:32
BRH:0
end_of_record
TN:
SF:/home/kraken33/develop/exmpl-project-frontend/src/components/index.ts
FNF:0
FNH:0
LF:0
LH:0
BRF:0
BRH:0
end_of_record
TN:
SF:/home/kraken33/develop/exmpl-project-frontend/src/components/app/container.ts
FNF:0
FNH:0
DA:3,3
DA:5,3
LF:2
LH:2
BRF:0
BRH:0
end_of_record
TN:
SF:/home/kraken33/develop/exmpl-project-frontend/src/components/app/index.ts
FNF:0
FNH:0
LF:0
LH:0
BRF:0
BRH:0
end_of_record
TN:
SF:/home/kraken33/develop/exmpl-project-frontend/src/components/app/types.ts
FNF:0
FNH:0
LF:0
LH:0
BRF:0
BRH:0
end_of_record
TN:
SF:/home/kraken33/develop/exmpl-project-frontend/src/components/app/view.tsx
FN:9,(anonymous_0)
FNF:1
FNH:1
FNDA:1,(anonymous_0)
DA:9,3
DA:10,1
LF:2
LH:2
BRF:0
BRH:0
end_of_record
TN:
SF:/home/kraken33/develop/exmpl-project-frontend/src/components/breadcrumbs/index.ts
FNF:0
FNH:0
LF:0
LH:0
BRF:0
BRH:0
end_of_record
TN:
SF:/home/kraken33/develop/exmpl-project-frontend/src/components/breadcrumbs/types.ts
FNF:0
FNH:0
LF:0
LH:0
BRF:0
BRH:0
end_of_record
TN:
SF:/home/kraken33/develop/exmpl-project-frontend/src/components/breadcrumbs/view.tsx
FN:7,(anonymous_0)
FN:8,(anonymous_1)
FN:12,(anonymous_2)
FNF:3
FNH:3
FNDA:2,(anonymous_0)
FNDA:1,(anonymous_1)
FNDA:1,(anonymous_2)
DA:7,4
DA:8,2
DA:10,2
DA:13,1
LF:4
LH:4
BRDA:15,0,0,1
BRDA:15,0,1,0
BRF:2
BRH:1
end_of_record
TN:
SF:/home/kraken33/develop/exmpl-project-frontend/src/components/form-controls/index.ts
FNF:0
FNH:0
LF:0
LH:0
BRF:0
BRH:0
end_of_record
TN:
SF:/home/kraken33/develop/exmpl-project-frontend/src/components/form-controls/code/index.ts
FNF:0
FNH:0
LF:0
LH:0
BRF:0
BRH:0
end_of_record
TN:
SF:/home/kraken33/develop/exmpl-project-frontend/src/components/form-controls/code/types.ts
FNF:0
FNH:0
LF:0
LH:0
BRF:0
BRH:0
end_of_record
TN:
SF:/home/kraken33/develop/exmpl-project-frontend/src/components/form-controls/code/view.tsx
FN:8,(anonymous_0)
FN:18,(anonymous_1)
FNF:2
FNH:2
FNDA:2,(anonymous_0)
FNDA:1,(anonymous_1)
DA:8,5
DA:9,2
DA:19,1
LF:3
LH:3
BRF:0
BRH:0
end_of_record
TN:
SF:/home/kraken33/develop/exmpl-project-frontend/src/components/form-controls/controler/index.ts
FNF:0
FNH:0
LF:0
LH:0
BRF:0
BRH:0
end_of_record
TN:
SF:/home/kraken33/develop/exmpl-project-frontend/src/components/form-controls/controler/types.ts
FNF:0
FNH:0
LF:0
LH:0
BRF:0
BRH:0
end_of_record
TN:
SF:/home/kraken33/develop/exmpl-project-frontend/src/components/form-controls/controler/view.tsx
FN:10,(anonymous_0)
FN:12,(anonymous_1)
FNF:2
FNH:2
FNDA:2,(anonymous_0)
FNDA:2,(anonymous_1)
DA:10,4
DA:12,2
DA:13,2
DA:19,2
DA:22,2
LF:5
LH:5
BRDA:19,0,0,2
BRDA:19,0,1,1
BRF:2
BRH:2
end_of_record
TN:
SF:/home/kraken33/develop/exmpl-project-frontend/src/components/form-controls/input/index.ts
FNF:0
FNH:0
LF:0
LH:0
BRF:0
BRH:0
end_of_record
TN:
SF:/home/kraken33/develop/exmpl-project-frontend/src/components/form-controls/input/types.ts
FNF:0
FNH:0
LF:0
LH:0
BRF:0
BRH:0
end_of_record
TN:
SF:/home/kraken33/develop/exmpl-project-frontend/src/components/form-controls/input/view.tsx
FN:9,(anonymous_0)
FNF:1
FNH:1
FNDA:1,(anonymous_0)
DA:7,5
DA:9,5
DA:10,1
LF:3
LH:3
BRDA:12,0,0,0
BRDA:12,0,1,1
BRF:2
BRH:1
end_of_record
TN:
SF:/home/kraken33/develop/exmpl-project-frontend/src/components/form-controls/switch/index.ts
FNF:0
FNH:0
LF:0
LH:0
BRF:0
BRH:0
end_of_record
TN:
SF:/home/kraken33/develop/exmpl-project-frontend/src/components/form-controls/switch/types.ts
FNF:0
FNH:0
LF:0
LH:0
BRF:0
BRH:0
end_of_record
TN:
SF:/home/kraken33/develop/exmpl-project-frontend/src/components/form-controls/switch/view.tsx
FN:7,(anonymous_0)
FNF:1
FNH:1
FNDA:1,(anonymous_0)
DA:7,5
DA:8,1
DA:14,1
LF:3
LH:3
BRDA:9,0,0,0
BRDA:9,0,1,1
BRDA:10,1,0,0
BRDA:10,1,1,1
BRDA:10,2,0,1
BRDA:10,2,1,0
BRDA:11,3,0,0
BRDA:11,3,1,1
BRDA:11,4,0,1
BRDA:11,4,1,0
BRF:10
BRH:5
end_of_record
TN:
SF:/home/kraken33/develop/exmpl-project-frontend/src/components/form-item/index.ts
FNF:0
FNH:0
LF:0
LH:0
BRF:0
BRH:0
end_of_record
TN:
SF:/home/kraken33/develop/exmpl-project-frontend/src/components/form-item/types.ts
FNF:0
FNH:0
LF:0
LH:0
BRF:0
BRH:0
end_of_record
TN:
SF:/home/kraken33/develop/exmpl-project-frontend/src/components/form-item/view.tsx
FN:7,(anonymous_0)
FNF:1
FNH:1
FNDA:2,(anonymous_0)
DA:7,7
DA:8,2
DA:14,2
LF:3
LH:3
BRDA:9,0,0,0
BRDA:9,0,1,2
BRDA:10,1,0,1
BRDA:10,1,1,1
BRDA:10,2,0,2
BRDA:10,2,1,1
BRDA:11,3,0,1
BRDA:11,3,1,1
BRDA:11,4,0,2
BRDA:11,4,1,1
BRF:10
BRH:9
end_of_record
TN:
SF:/home/kraken33/develop/exmpl-project-frontend/src/consts/api.ts
FNF:0
FNH:0
DA:1,8
LF:1
LH:1
BRF:0
BRH:0
end_of_record
TN:
SF:/home/kraken33/develop/exmpl-project-frontend/src/consts/app-config.ts
FNF:0
FNH:0
DA:1,8
DA:2,8
LF:2
LH:2
BRF:0
BRH:0
end_of_record
TN:
SF:/home/kraken33/develop/exmpl-project-frontend/src/consts/common.ts
FNF:0
FNH:0
DA:1,8
LF:1
LH:1
BRF:0
BRH:0
end_of_record
TN:
SF:/home/kraken33/develop/exmpl-project-frontend/src/consts/env.ts
FNF:0
FNH:0
DA:1,8
LF:1
LH:1
BRF:0
BRH:0
end_of_record
TN:
SF:/home/kraken33/develop/exmpl-project-frontend/src/consts/index.ts
FNF:0
FNH:0
LF:0
LH:0
BRF:0
BRH:0
end_of_record
TN:
SF:/home/kraken33/develop/exmpl-project-frontend/src/consts/typeof.ts
FNF:0
FNH:0
DA:1,8
LF:1
LH:1
BRF:0
BRH:0
end_of_record
TN:
SF:/home/kraken33/develop/exmpl-project-frontend/src/layouts/consts.ts
FNF:0
FNH:0
LF:0
LH:0
BRF:0
BRH:0
end_of_record
TN:
SF:/home/kraken33/develop/exmpl-project-frontend/src/layouts/index.ts
FNF:0
FNH:0
DA:5,0
LF:1
LH:0
BRF:0
BRH:0
end_of_record
TN:
SF:/home/kraken33/develop/exmpl-project-frontend/src/layouts/types.ts
FNF:0
FNH:0
LF:0
LH:0
BRF:0
BRH:0
end_of_record
TN:
SF:/home/kraken33/develop/exmpl-project-frontend/src/layouts/base/container.ts
FN:10,(anonymous_0)
FNF:1
FNH:0
FNDA:0,(anonymous_0)
DA:10,0
DA:16,0
DA:20,0
DA:25,0
LF:4
LH:0
BRF:0
BRH:0
end_of_record
TN:
SF:/home/kraken33/develop/exmpl-project-frontend/src/layouts/base/index.ts
FNF:0
FNH:0
LF:0
LH:0
BRF:0
BRH:0
end_of_record
TN:
SF:/home/kraken33/develop/exmpl-project-frontend/src/layouts/base/types.ts
FNF:0
FNH:0
LF:0
LH:0
BRF:0
BRH:0
end_of_record
TN:
SF:/home/kraken33/develop/exmpl-project-frontend/src/layouts/base/view.tsx
FN:16,(anonymous_0)
FN:30,(anonymous_1)
FN:34,(anonymous_2)
FN:51,(anonymous_3)
FNF:4
FNH:1
FNDA:2,(anonymous_0)
FNDA:0,(anonymous_1)
FNDA:0,(anonymous_2)
FNDA:0,(anonymous_3)
DA:14,1
DA:16,1
DA:24,2
DA:26,2
DA:30,2
DA:32,0
DA:33,0
DA:34,0
DA:40,2
DA:51,0
LF:10
LH:6
BRDA:34,0,0,0
BRDA:34,0,1,0
BRF:2
BRH:0
end_of_record
TN:
SF:/home/kraken33/develop/exmpl-project-frontend/src/layouts/empty/index.ts
FNF:0
FNH:0
LF:0
LH:0
BRF:0
BRH:0
end_of_record
TN:
SF:/home/kraken33/develop/exmpl-project-frontend/src/layouts/empty/types.ts
FNF:0
FNH:0
LF:0
LH:0
BRF:0
BRH:0
end_of_record
TN:
SF:/home/kraken33/develop/exmpl-project-frontend/src/layouts/empty/view.tsx
FN:5,(anonymous_0)
FNF:1
FNH:1
FNDA:1,(anonymous_0)
DA:5,1
LF:1
LH:1
BRF:0
BRH:0
end_of_record
TN:
SF:/home/kraken33/develop/exmpl-project-frontend/src/pages/api/container.ts
FNF:0
FNH:0
DA:11,3
DA:18,3
LF:2
LH:2
BRF:0
BRH:0
end_of_record
TN:
SF:/home/kraken33/develop/exmpl-project-frontend/src/pages/api/index.ts
FNF:0
FNH:0
LF:0
LH:0
BRF:0
BRH:0
end_of_record
TN:
SF:/home/kraken33/develop/exmpl-project-frontend/src/pages/api/types.ts
FNF:0
FNH:0
LF:0
LH:0
BRF:0
BRH:0
end_of_record
TN:
SF:/home/kraken33/develop/exmpl-project-frontend/src/pages/api/view.tsx
FN:24,(anonymous_0)
FN:54,(anonymous_1)
FN:60,(anonymous_2)
FN:64,(anonymous_3)
FN:66,(anonymous_4)
FN:74,(anonymous_5)
FN:79,(anonymous_6)
FN:84,(anonymous_7)
FN:123,(anonymous_8)
FNF:9
FNH:6
FNDA:1,(anonymous_0)
FNDA:2,(anonymous_1)
FNDA:4,(anonymous_2)
FNDA:2,(anonymous_3)
FNDA:0,(anonymous_4)
FNDA:2,(anonymous_5)
FNDA:0,(anonymous_6)
FNDA:0,(anonymous_7)
FNDA:1,(anonymous_8)
DA:21,4
DA:22,4
DA:24,4
DA:25,1
DA:27,1
DA:40,1
DA:42,1
DA:52,1
DA:54,2
DA:60,4
DA:64,2
DA:67,0
DA:74,2
DA:80,0
DA:84,1
DA:85,0
DA:86,0
DA:87,0
DA:89,0
DA:96,0
DA:98,0
DA:103,1
DA:123,1
LF:23
LH:15
BRDA:87,0,0,0
BRDA:87,0,1,0
BRF:2
BRH:0
end_of_record
TN:
SF:/home/kraken33/develop/exmpl-project-frontend/src/pages/home/container.ts
FNF:0
FNH:0
DA:3,3
LF:1
LH:1
BRF:0
BRH:0
end_of_record
TN:
SF:/home/kraken33/develop/exmpl-project-frontend/src/pages/home/index.ts
FNF:0
FNH:0
LF:0
LH:0
BRF:0
BRH:0
end_of_record
TN:
SF:/home/kraken33/develop/exmpl-project-frontend/src/pages/home/view.tsx
FN:5,(anonymous_0)
FNF:1
FNH:1
FNDA:1,(anonymous_0)
DA:5,4
DA:6,1
DA:8,1
DA:11,4
LF:4
LH:4
BRF:0
BRH:0
end_of_record
TN:
SF:/home/kraken33/develop/exmpl-project-frontend/src/routes/build-routes.tsx
FN:7,(anonymous_0)
FN:9,(anonymous_1)
FN:17,(anonymous_2)
FNF:3
FNH:1
FNDA:1,(anonymous_0)
FNDA:0,(anonymous_1)
FNDA:0,(anonymous_2)
DA:7,4
DA:8,1
DA:9,1
DA:10,0
DA:11,0
DA:13,0
DA:18,0
LF:7
LH:3
BRDA:10,0,0,0
BRF:1
BRH:0
end_of_record
TN:
SF:/home/kraken33/develop/exmpl-project-frontend/src/routes/consts.ts
FNF:0
FNH:0
DA:1,3
LF:1
LH:1
BRF:0
BRH:0
end_of_record
TN:
SF:/home/kraken33/develop/exmpl-project-frontend/src/routes/history.ts
FNF:0
FNH:0
DA:5,3
LF:1
LH:1
BRF:0
BRH:0
end_of_record
TN:
SF:/home/kraken33/develop/exmpl-project-frontend/src/routes/index.tsx
FN:9,(anonymous_0)
FNF:1
FNH:0
FNDA:0,(anonymous_0)
DA:9,3
LF:1
LH:1
BRF:0
BRH:0
end_of_record
TN:
SF:/home/kraken33/develop/exmpl-project-frontend/src/routes/loadable.ts
FN:12,(anonymous_0)
FN:20,(anonymous_1)
FNF:2
FNH:1
FNDA:6,(anonymous_0)
FNDA:0,(anonymous_1)
DA:10,3
DA:12,3
DA:18,6
DA:19,6
DA:21,0
DA:22,0
DA:24,0
DA:25,0
DA:26,0
DA:28,0
LF:10
LH:4
BRDA:16,0,0,6
BRDA:21,1,0,0
BRDA:21,1,1,0
BRDA:25,2,0,0
BRDA:25,2,1,0
BRDA:30,3,0,0
BRDA:30,3,1,6
BRDA:33,4,0,0
BRDA:33,4,1,6
BRF:9
BRH:3
end_of_record
TN:
SF:/home/kraken33/develop/exmpl-project-frontend/src/routes/pages.ts
FN:6,(anonymous_0)
FN:9,(anonymous_1)
FN:10,(anonymous_2)
FNF:3
FNH:2
FNDA:6,(anonymous_0)
FNDA:0,(anonymous_1)
FNDA:6,(anonymous_2)
DA:4,3
DA:6,3
DA:7,6
DA:9,0
DA:10,6
DA:14,3
LF:6
LH:5
BRF:0
BRH:0
end_of_record
TN:
SF:/home/kraken33/develop/exmpl-project-frontend/src/routes/routes-tree.ts
FN:7,(anonymous_0)
FN:12,(anonymous_1)
FN:25,(anonymous_2)
FNF:3
FNH:3
FNDA:8,(anonymous_0)
FNDA:3,(anonymous_1)
FNDA:8,(anonymous_2)
DA:7,3
DA:12,3
DA:15,8
DA:26,8
DA:32,3
LF:5
LH:5
BRDA:9,0,0,8
BRDA:12,1,0,8
BRDA:13,2,0,8
BRDA:23,3,0,8
BRDA:23,3,1,0
BRF:5
BRH:4
end_of_record
TN:
SF:/home/kraken33/develop/exmpl-project-frontend/src/routes/types.ts
FNF:0
FNH:0
LF:0
LH:0
BRF:0
BRH:0
end_of_record
TN:
SF:/home/kraken33/develop/exmpl-project-frontend/src/services/index.ts
FNF:0
FNH:0
LF:0
LH:0
BRF:0
BRH:0
end_of_record
TN:
SF:/home/kraken33/develop/exmpl-project-frontend/src/services/api/index.ts
FNF:0
FNH:0
DA:4,3
LF:1
LH:1
BRF:0
BRH:0
end_of_record
TN:
SF:/home/kraken33/develop/exmpl-project-frontend/src/services/api/routes.ts
FNF:0
FNH:0
DA:1,3
LF:1
LH:1
BRF:0
BRH:0
end_of_record
TN:
SF:/home/kraken33/develop/exmpl-project-frontend/src/services/api/types.ts
FNF:0
FNH:0
LF:0
LH:0
BRF:0
BRH:0
end_of_record
TN:
SF:/home/kraken33/develop/exmpl-project-frontend/src/services/api/profile/index.ts
FN:4,(anonymous_0)
FN:4,(anonymous_1)
FN:5,(anonymous_2)
FNF:3
FNH:0
FNDA:0,(anonymous_0)
FNDA:0,(anonymous_1)
FNDA:0,(anonymous_2)
DA:3,3
DA:4,0
DA:5,0
LF:3
LH:1
BRF:0
BRH:0
end_of_record
TN:
SF:/home/kraken33/develop/exmpl-project-frontend/src/services/api/profile/types.ts
FNF:0
FNH:0
LF:0
LH:0
BRF:0
BRH:0
end_of_record
TN:
SF:/home/kraken33/develop/exmpl-project-frontend/src/services/http/index.tsx
FN:19,(anonymous_0)
FN:26,(anonymous_1)
FN:27,(anonymous_2)
FNF:3
FNH:0
FNDA:0,(anonymous_0)
FNDA:0,(anonymous_1)
FNDA:0,(anonymous_2)
DA:10,4
DA:19,4
DA:20,0
DA:23,4
DA:25,4
DA:26,0
DA:28,0
LF:7
LH:4
BRF:0
BRH:0
end_of_record
TN:
SF:/home/kraken33/develop/exmpl-project-frontend/src/services/intl/actions.ts
FNF:0
FNH:0
DA:4,5
DA:6,5
LF:2
LH:2
BRF:0
BRH:0
end_of_record
TN:
SF:/home/kraken33/develop/exmpl-project-frontend/src/services/intl/consts.ts
FNF:0
FNH:0
DA:1,5
DA:6,5
LF:2
LH:2
BRF:0
BRH:0
end_of_record
TN:
SF:/home/kraken33/develop/exmpl-project-frontend/src/services/intl/index.ts
FNF:0
FNH:0
LF:0
LH:0
BRF:0
BRH:0
end_of_record
TN:
SF:/home/kraken33/develop/exmpl-project-frontend/src/services/intl/module.tsx
FN:10,(anonymous_0)
FN:11,(anonymous_1)
FN:14,(anonymous_2)
FN:15,(anonymous_3)
FN:21,(anonymous_4)
FN:30,(anonymous_5)
FN:42,(anonymous_6)
FN:53,(anonymous_7)
FN:53,(anonymous_8)
FN:55,(anonymous_9)
FN:58,(anonymous_10)
FN:59,(anonymous_11)
FN:65,(anonymous_12)
FN:65,(anonymous_13)
FNF:14
FNH:11
FNDA:8,(anonymous_0)
FNDA:3,(anonymous_1)
FNDA:3,(anonymous_2)
FNDA:3,(anonymous_3)
FNDA:2,(anonymous_4)
FNDA:0,(anonymous_5)
FNDA:2,(anonymous_6)
FNDA:5,(anonymous_7)
FNDA:0,(anonymous_8)
FNDA:4,(anonymous_9)
FNDA:4,(anonymous_10)
FNDA:3,(anonymous_11)
FNDA:3,(anonymous_12)
FNDA:0,(anonymous_13)
DA:7,5
DA:8,5
DA:10,5
DA:11,8
DA:12,3
DA:13,3
DA:14,3
DA:15,3
DA:16,3
DA:17,3
DA:18,3
DA:21,3
DA:22,2
DA:23,2
DA:24,2
DA:27,3
DA:28,3
DA:30,3
DA:31,0
DA:32,0
DA:36,3
DA:39,8
DA:42,5
DA:43,2
DA:45,2
DA:51,5
DA:53,5
DA:55,5
DA:56,4
DA:57,4
DA:58,4
DA:59,3
DA:62,4
DA:65,5
DA:66,0
DA:68,0
DA:71,5
LF:37
LH:33
BRDA:43,0,0,2
BRDA:43,0,1,1
BRDA:47,1,0,1
BRDA:47,1,1,1
BRDA:53,2,0,0
BRDA:53,2,1,0
BRDA:55,3,0,3
BRDA:56,4,0,3
BRDA:58,5,0,4
BRDA:58,5,1,1
BRDA:59,6,0,3
BRDA:59,6,1,3
BRF:12
BRH:10
end_of_record
TN:
SF:/home/kraken33/develop/exmpl-project-frontend/src/services/intl/types.ts
FNF:0
FNH:0
LF:0
LH:0
BRF:0
BRH:0
end_of_record
TN:
SF:/home/kraken33/develop/exmpl-project-frontend/src/store/export-reducers.ts
FNF:0
FNH:0
LF:0
LH:0
BRF:0
BRH:0
end_of_record
TN:
SF:/home/kraken33/develop/exmpl-project-frontend/src/store/export-sagas.ts
FNF:0
FNH:0
LF:0
LH:0
BRF:0
BRH:0
end_of_record
TN:
SF:/home/kraken33/develop/exmpl-project-frontend/src/store/index.ts
FNF:0
FNH:0
LF:0
LH:0
BRF:0
BRH:0
end_of_record
TN:
SF:/home/kraken33/develop/exmpl-project-frontend/src/store/reducers.ts
FN:7,(anonymous_0)
FNF:1
FNH:0
FNDA:0,(anonymous_0)
DA:7,0
DA:8,0
LF:2
LH:0
BRF:0
BRH:0
end_of_record
TN:
SF:/home/kraken33/develop/exmpl-project-frontend/src/store/sagas.ts
FN:5,sagas
FN:6,(anonymous_1)
FNF:2
FNH:0
FNDA:0,sagas
FNDA:0,(anonymous_1)
DA:6,0
LF:1
LH:0
BRF:0
BRH:0
end_of_record
TN:
SF:/home/kraken33/develop/exmpl-project-frontend/src/store/selectors.ts
FNF:0
FNH:0
DA:4,0
DA:10,0
DA:12,0
DA:17,0
LF:4
LH:0
BRF:0
BRH:0
end_of_record
TN:
SF:/home/kraken33/develop/exmpl-project-frontend/src/store/store.ts
FN:13,(anonymous_0)
FNF:1
FNH:0
FNDA:0,(anonymous_0)
DA:10,0
DA:11,0
DA:12,0
DA:13,0
DA:16,0
DA:22,0
DA:25,0
DA:27,0
LF:8
LH:0
BRDA:12,0,0,0
BRDA:12,0,1,0
BRDA:14,1,0,0
BRF:3
BRH:0
end_of_record
TN:
SF:/home/kraken33/develop/exmpl-project-frontend/src/store/types.ts
FNF:0
FNH:0
LF:0
LH:0
BRF:0
BRH:0
end_of_record
TN:
SF:/home/kraken33/develop/exmpl-project-frontend/src/store/layout/actions.ts
FNF:0
FNH:0
DA:10,2
DA:11,2
DA:13,2
LF:3
LH:3
BRF:0
BRH:0
end_of_record
TN:
SF:/home/kraken33/develop/exmpl-project-frontend/src/store/layout/index.ts
FNF:0
FNH:0
LF:0
LH:0
BRF:0
BRH:0
end_of_record
TN:
SF:/home/kraken33/develop/exmpl-project-frontend/src/store/layout/reducers.ts
FN:21,(anonymous_0)
FN:22,(anonymous_1)
FN:26,(anonymous_2)
FN:27,(anonymous_3)
FNF:4
FNH:2
FNDA:0,(anonymous_0)
FNDA:0,(anonymous_1)
FNDA:1,(anonymous_2)
FNDA:1,(anonymous_3)
DA:7,1
DA:20,1
DA:22,0
DA:23,0
DA:27,1
DA:28,1
LF:6
LH:4
BRF:0
BRH:0
end_of_record
TN:
SF:/home/kraken33/develop/exmpl-project-frontend/src/store/layout/sagas.ts
FN:5,fetch
FN:7,entrySaga
FNF:2
FNH:0
FNDA:0,fetch
FNDA:0,entrySaga
DA:8,0
LF:1
LH:0
BRF:0
BRH:0
end_of_record
TN:
SF:/home/kraken33/develop/exmpl-project-frontend/src/store/layout/selectors.ts
FNF:0
FNH:0
DA:4,1
DA:10,1
DA:12,1
DA:17,1
LF:4
LH:4
BRF:0
BRH:0
end_of_record
TN:
SF:/home/kraken33/develop/exmpl-project-frontend/src/store/layout/types.ts
FNF:0
FNH:0
LF:0
LH:0
BRF:0
BRH:0
end_of_record
TN:
SF:/home/kraken33/develop/exmpl-project-frontend/src/utils/component-test.tsx
FN:4,r
FN:10,rProp
FN:11,(anonymous_2)
FNF:3
FNH:3
FNDA:21,r
FNDA:5,rProp
FNDA:10,(anonymous_2)
DA:8,21
DA:11,10
LF:2
LH:2
BRF:0
BRH:0
end_of_record
TN:
SF:/home/kraken33/develop/exmpl-project-frontend/src/utils/errors.ts
FN:3,(anonymous_0)
FNF:1
FNH:1
FNDA:3,(anonymous_0)
DA:3,7
DA:4,3
DA:5,1
LF:3
LH:3
BRDA:4,0,0,2
BRDA:4,0,1,1
BRF:2
BRH:2
end_of_record
TN:
SF:/home/kraken33/develop/exmpl-project-frontend/src/utils/index.ts
FNF:0
FNH:0
LF:0
LH:0
BRF:0
BRH:0
end_of_record
TN:
SF:/home/kraken33/develop/exmpl-project-frontend/src/utils/pub-sub.ts
FN:13,(anonymous_0)
FN:16,(anonymous_1)
FN:20,(anonymous_2)
FN:26,(anonymous_3)
FN:28,(anonymous_4)
FNF:5
FNH:5
FNDA:6,(anonymous_0)
FNDA:8,(anonymous_1)
FNDA:2,(anonymous_2)
FNDA:4,(anonymous_3)
FNDA:7,(anonymous_4)
DA:11,6
DA:14,6
DA:17,8
DA:18,8
DA:21,2
DA:22,2
DA:27,4
DA:29,7
LF:8
LH:8
BRDA:17,0,0,8
BRDA:17,0,1,3
BRDA:22,1,0,1
BRDA:22,1,1,1
BRDA:22,2,0,2
BRDA:22,2,1,2
BRDA:27,3,0,4
BRDA:27,3,1,4
BRF:8
BRH:8
end_of_record
TN:
SF:/home/kraken33/develop/exmpl-project-frontend/src/utils/test.ts
FN:1,(anonymous_0)
FNF:1
FNH:1
FNDA:3,(anonymous_0)
DA:1,3
LF:1
LH:1
BRF:0
BRH:0
end_of_record
