TN:
SF:/home/kraken33/develop/exmpl-project-frontend/src/pages/api/view.tsx
FN:23,(anonymous_0)
FN:46,(anonymous_1)
FN:52,(anonymous_2)
FN:56,(anonymous_3)
FN:58,(anonymous_4)
FN:66,(anonymous_5)
FN:71,(anonymous_6)
FN:76,(anonymous_7)
FN:115,(anonymous_8)
FNF:9
FNH:6
FNDA:1,(anonymous_0)
FNDA:2,(anonymous_1)
FNDA:4,(anonymous_2)
FNDA:2,(anonymous_3)
FNDA:0,(anonymous_4)
FNDA:2,(anonymous_5)
FNDA:0,(anonymous_6)
FNDA:0,(anonymous_7)
FNDA:1,(anonymous_8)
DA:20,4
DA:21,4
DA:23,4
DA:24,1
DA:26,1
DA:34,1
DA:44,1
DA:46,2
DA:52,4
DA:56,2
DA:59,0
DA:66,2
DA:72,0
DA:76,1
DA:77,0
DA:78,0
DA:79,0
DA:81,0
DA:88,0
DA:90,0
DA:95,1
DA:115,1
LF:22
LH:14
BRDA:79,0,0,0
BRDA:79,0,1,0
BRF:2
BRH:0
end_of_record
